#
# A fatal error has been detected by the Java Runtime Environment:
#
#  SIGSEGV (0xb) at pc=0x00007f6b30894d1b, pid=211140, tid=211141
#
# JRE version: OpenJDK Runtime Environment (11.0.11+9) (build 11.0.11+9-Ubuntu-0ubuntu2.20.04)
# Java VM: OpenJDK 64-Bit Server VM (11.0.11+9-Ubuntu-0ubuntu2.20.04, mixed mode, sharing, tiered, compressed oops, g1 gc, linux-amd64)
# Problematic frame:
# j  Main.main([Ljava/lang/String;)V+29
#
# Core dump will be written. Default location: Core dumps may be processed with "/usr/share/apport/apport %p %s %c %d %P %E" (or dumping to /home/howeng/CompilerHW3/core.211140)
#
# If you would like to submit a bug report, please visit:
#   https://bugs.launchpad.net/ubuntu/+source/openjdk-lts
#

---------------  S U M M A R Y ------------

Command Line: -Xverify:none Main

Host: Intel(R) Core(TM) i5-7200U CPU @ 2.50GHz, 4 cores, 19G, Ubuntu 20.04.2 LTS
Time: Fri Jun  4 14:37:09 2021 CST elapsed time: 0.032383 seconds (0d 0h 0m 0s)

---------------  T H R E A D  ---------------

Current thread (0x00007f6b48016800):  JavaThread "main" [_thread_in_Java, id=211141, stack(0x00007f6b4c5bc000,0x00007f6b4c6bd000)]

Stack: [0x00007f6b4c5bc000,0x00007f6b4c6bd000],  sp=0x00007f6b4c6bb6a0,  free space=1021k
Native frames: (J=compiled Java code, A=aot compiled Java code, j=interpreted, Vv=VM code, C=native code)
j  Main.main([Ljava/lang/String;)V+29
v  ~StubRoutines::call_stub
V  [libjvm.so+0x859b69]
V  [libjvm.so+0x8d4146]
V  [libjvm.so+0x8d6b00]
C  [libjli.so+0x5a6a]
C  [libjli.so+0x9ce1]


siginfo: si_signo: 11 (SIGSEGV), si_code: 1 (SEGV_MAPERR), si_addr: 0x0000000af80017f8

Register to memory mapping:

RAX=0x0000000af8001590 is an unknown value
RBX=0x0000000000000013 is an unknown value
RCX=0x00007f6b19c0028d is pointing into metadata
RDX=0x0000000090000002 is an unknown value
RSP=0x00007f6b4c6bb6a0 is pointing into the stack for thread: 0x00007f6b48016800
RBP=0x00007f6b4c6bb6f0 is pointing into the stack for thread: 0x00007f6b48016800
RSI=0x00007f6b4c6bb630 is pointing into the stack for thread: 0x00007f6b48016800
RDI=0x00007f6b30881f73 is at code_begin+2355 in an Interpreter codelet
invoke return entry points  [0x00007f6b30881640, 0x00007f6b30882060]  2592 bytes
R8 =0x0 is NULL
R9 =0x00000006dc505550 points into unknown readable memory: 0x0000000000000001 | 01 00 00 00 00 00 00 00
R10=0x00007f6b4dc9eae0: <offset 0x0000000001296ae0> in /usr/lib/jvm/java-11-openjdk-amd64/lib/server/libjvm.so at 0x00007f6b4ca08000
R11=0x00007f6b4c6bb1e0 is pointing into the stack for thread: 0x00007f6b48016800
R12=0x0 is NULL
R13=0x00007f6b19c0028d is pointing into metadata
R14=0x0 is NULL
R15=0x00007f6b48016800 is a thread


Registers:
RAX=0x0000000af8001590, RBX=0x0000000000000013, RCX=0x00007f6b19c0028d, RDX=0x0000000090000002
RSP=0x00007f6b4c6bb6a0, RBP=0x00007f6b4c6bb6f0, RSI=0x00007f6b4c6bb630, RDI=0x00007f6b30881f73
R8 =0x0000000000000000, R9 =0x00000006dc505550, R10=0x00007f6b4dc9eae0, R11=0x00007f6b4c6bb1e0
R12=0x0000000000000000, R13=0x00007f6b19c0028d, R14=0x0000000000000000, R15=0x00007f6b48016800
RIP=0x00007f6b30894d1b, EFLAGS=0x0000000000010246, CSGSFS=0x002b000000000033, ERR=0x0000000000000004
  TRAPNO=0x000000000000000e

Top of Stack: (sp=0x00007f6b4c6bb6a0)
0x00007f6b4c6bb6a0:   00007f6b30881f73 00000000cd544bdd
0x00007f6b4c6bb6b0:   00007f6b19c0028d 00007f6b4c6bba18
0x00007f6b4c6bb6c0:   00007f6b19c00418 0000000000000000
0x00007f6b4c6bb6d0:   00000006dc5e8a50 00007f6b19c003c0 

Instructions: (pc=0x00007f6b30894d1b)
0x00007f6b30894c1b:   81 78 08 01 00 00 00 74 17 4c 33 68 08 49 f7 c5
0x00007f6b30894c2b:   fc ff ff ff 74 0e 48 81 48 08 02 00 00 00 eb 04
0x00007f6b30894c3b:   4c 89 68 08 48 83 c0 10 4c 8b 68 d8 41 83 ed 04
0x00007f6b30894c4b:   41 c1 e5 03 49 03 c5 48 89 45 d8 4c 8d 6c 24 08
0x00007f6b30894c5b:   4c 89 6d f0 ff 63 48 8b 41 08 48 c1 e0 03 49 bc
0x00007f6b30894c6b:   00 00 00 00 08 00 00 00 49 03 c4 4d 33 e4 4c 8b
0x00007f6b30894c7b:   75 d8 4d 85 f6 0f 84 95 00 00 00 49 8b 56 18 48
0x00007f6b30894c8b:   3b d0 0f 85 0f 00 00 00 49 83 46 20 01 49 83 5e
0x00007f6b30894c9b:   20 00 e9 71 00 00 00 48 85 d2 0f 84 42 00 00 00
0x00007f6b30894cab:   49 8b 56 28 48 3b d0 0f 85 0f 00 00 00 49 83 46
0x00007f6b30894cbb:   30 01 49 83 5e 30 00 e9 4c 00 00 00 48 85 d2 74
0x00007f6b30894ccb:   0f 49 83 46 08 01 49 83 5e 08 00 e9 38 00 00 00
0x00007f6b30894cdb:   49 89 46 28 ba 01 00 00 00 49 89 56 30 e9 26 00
0x00007f6b30894ceb:   00 00 49 3b 46 28 0f 85 0f 00 00 00 49 83 46 30
0x00007f6b30894cfb:   01 49 83 5e 30 00 e9 0d 00 00 00 49 89 46 18 ba
0x00007f6b30894d0b:   01 00 00 00 49 89 56 20 49 83 c6 38 4c 89 75 d8
0x00007f6b30894d1b:   48 8b 9c d8 d0 01 00 00 48 8b 55 d8 48 85 d2 0f
0x00007f6b30894d2b:   84 4f 01 00 00 80 7a c8 0b 0f 85 45 01 00 00 48
0x00007f6b30894d3b:   83 c2 08 4c 8b 6a f8 41 83 ed 00 41 83 fd 02 0f
0x00007f6b30894d4b:   8c 24 01 00 00 4c 8b 6b 08 45 0f b7 6d 34 4c 2b
0x00007f6b30894d5b:   2a 41 83 ed 01 4e 8b 6c ec 08 4d 85 ed 75 0a 48
0x00007f6b30894d6b:   81 4a 08 01 00 00 00 eb 5d 45 8b 6d 08 49 c1 e5
0x00007f6b30894d7b:   03 49 bc 00 00 00 00 08 00 00 00 4d 03 ec 4d 33
0x00007f6b30894d8b:   e4 4c 33 6a 08 49 f7 c5 fc ff ff ff 74 38 49 f7
0x00007f6b30894d9b:   c5 02 00 00 00 75 2f 48 81 7a 08 00 00 00 00 74
0x00007f6b30894dab:   21 48 81 7a 08 01 00 00 00 74 17 4c 33 6a 08 49
0x00007f6b30894dbb:   f7 c5 fc ff ff ff 74 0e 48 81 4a 08 02 00 00 00
0x00007f6b30894dcb:   eb 04 4c 89 6a 08 48 83 c2 10 4c 8b 6a e8 41 83
0x00007f6b30894ddb:   ed 02 41 83 fd 02 0f 8c 8d 00 00 00 4c 8b 6b 08
0x00007f6b30894deb:   45 0f b7 6d 34 4c 2b 2a 41 83 ed 01 4e 8b 6c ec
0x00007f6b30894dfb:   08 4d 85 ed 75 0a 48 81 4a 08 01 00 00 00 eb 5d
0x00007f6b30894e0b:   45 8b 6d 08 49 c1 e5 03 49 bc 00 00 00 00 08 00 


Stack slot to memory mapping:
stack at sp + 0 slots: 0x00007f6b30881f73 is at code_begin+2355 in an Interpreter codelet
invoke return entry points  [0x00007f6b30881640, 0x00007f6b30882060]  2592 bytes
stack at sp + 1 slots: 0x00000000cd544bdd is an unknown value
stack at sp + 2 slots: 0x00007f6b19c0028d is pointing into metadata
stack at sp + 3 slots: 0x00007f6b4c6bba18 is pointing into the stack for thread: 0x00007f6b48016800
stack at sp + 4 slots: 0x00007f6b19c00418 is pointing into metadata
stack at sp + 5 slots: 0x0 is NULL
stack at sp + 6 slots: 0x00000006dc5e8a50 points into unknown readable memory: 0x0000004dc6399601 | 01 96 39 c6 4d 00 00 00
stack at sp + 7 slots: {method} {0x00007f6b19c003c0} 'main' '([Ljava/lang/String;)V' in 'Main'

invokevirtual  182 invokevirtual  [0x00007f6b30894980, 0x00007f6b30894ea0]  1312 bytes

---------------  P R O C E S S  ---------------

Threads class SMR info:
_java_thread_list=0x00007f6b4824fef0, length=9, elements={
0x00007f6b48016800, 0x00007f6b481f2800, 0x00007f6b481f4800, 0x00007f6b481fb800,
0x00007f6b481fd800, 0x00007f6b481ff800, 0x00007f6b48201800, 0x00007f6b48203800,
0x00007f6b4824e800
}

Java Threads: ( => current thread )
=>0x00007f6b48016800 JavaThread "main" [_thread_in_Java, id=211141, stack(0x00007f6b4c5bc000,0x00007f6b4c6bd000)]
  0x00007f6b481f2800 JavaThread "Reference Handler" daemon [_thread_blocked, id=211148, stack(0x00007f6b201bc000,0x00007f6b202bd000)]
  0x00007f6b481f4800 JavaThread "Finalizer" daemon [_thread_blocked, id=211149, stack(0x00007f6b200bb000,0x00007f6b201bc000)]
  0x00007f6b481fb800 JavaThread "Signal Dispatcher" daemon [_thread_blocked, id=211150, stack(0x00007f6b190ef000,0x00007f6b191f0000)]
  0x00007f6b481fd800 JavaThread "Service Thread" daemon [_thread_blocked, id=211151, stack(0x00007f6b18fee000,0x00007f6b190ef000)]
  0x00007f6b481ff800 JavaThread "C2 CompilerThread0" daemon [_thread_blocked, id=211152, stack(0x00007f6b18eed000,0x00007f6b18fee000)]
  0x00007f6b48201800 JavaThread "C1 CompilerThread0" daemon [_thread_blocked, id=211153, stack(0x00007f6b18dec000,0x00007f6b18eed000)]
  0x00007f6b48203800 JavaThread "Sweeper thread" daemon [_thread_blocked, id=211154, stack(0x00007f6b18ceb000,0x00007f6b18dec000)]
  0x00007f6b4824e800 JavaThread "Common-Cleaner" daemon [_thread_blocked, id=211156, stack(0x00007f6b18ae8000,0x00007f6b18be9000)]

Other Threads:
  0x00007f6b481f0000 VMThread "VM Thread" [stack: 0x00007f6b202bf000,0x00007f6b203bf000] [id=211147]
  0x00007f6b4824c000 WatcherThread [stack: 0x00007f6b18beb000,0x00007f6b18ceb000] [id=211155]
  0x00007f6b4802f000 GCTaskThread "GC Thread#0" [stack: 0x00007f6b4c232000,0x00007f6b4c332000] [id=211142]
  0x00007f6b4807c000 ConcurrentGCThread "G1 Main Marker" [stack: 0x00007f6b304d0000,0x00007f6b305d0000] [id=211143]
  0x00007f6b4807e000 ConcurrentGCThread "G1 Conc#0" [stack: 0x00007f6b303ce000,0x00007f6b304ce000] [id=211144]
  0x00007f6b481ad800 ConcurrentGCThread "G1 Refine#0" [stack: 0x00007f6b20544000,0x00007f6b20644000] [id=211145]
  0x00007f6b481af800 ConcurrentGCThread "G1 Young RemSet Sampling" [stack: 0x00007f6b20442000,0x00007f6b20542000] [id=211146]

Threads with active compile tasks:

VM state:not at safepoint (normal execution)

VM Mutex/Monitor currently owned by a thread: None

Heap address: 0x00000006c8e00000, size: 4978 MB, Compressed Oops mode: Zero based, Oop shift amount: 3
Narrow klass base: 0x0000000800000000, Narrow klass shift: 3
Compressed class space size: 1073741824 Address: 0x0000000840000000

Heap:
 garbage-first heap   total 321536K, used 712K [0x00000006c8e00000, 0x0000000800000000)
  region size 1024K, 1 young (1024K), 0 survivors (0K)
 Metaspace       used 156K, capacity 4486K, committed 4864K, reserved 1056768K
  class space    used 5K, capacity 386K, committed 512K, reserved 1048576K
Heap Regions: E=young(eden), S=young(survivor), O=old, HS=humongous(starts), HC=humongous(continues), CS=collection set, F=free, A=archive, TAMS=top-at-mark-start (previous, next)
|   0|0x00000006c8e00000, 0x00000006c8e00000, 0x00000006c8f00000|  0%| F|  |TAMS 0x00000006c8e00000, 0x00000006c8e00000| Untracked 
|   1|0x00000006c8f00000, 0x00000006c8f00000, 0x00000006c9000000|  0%| F|  |TAMS 0x00000006c8f00000, 0x00000006c8f00000| Untracked 
|   2|0x00000006c9000000, 0x00000006c9000000, 0x00000006c9100000|  0%| F|  |TAMS 0x00000006c9000000, 0x00000006c9000000| Untracked 
|   3|0x00000006c9100000, 0x00000006c9100000, 0x00000006c9200000|  0%| F|  |TAMS 0x00000006c9100000, 0x00000006c9100000| Untracked 
|   4|0x00000006c9200000, 0x00000006c9200000, 0x00000006c9300000|  0%| F|  |TAMS 0x00000006c9200000, 0x00000006c9200000| Untracked 
|   5|0x00000006c9300000, 0x00000006c9300000, 0x00000006c9400000|  0%| F|  |TAMS 0x00000006c9300000, 0x00000006c9300000| Untracked 
|   6|0x00000006c9400000, 0x00000006c9400000, 0x00000006c9500000|  0%| F|  |TAMS 0x00000006c9400000, 0x00000006c9400000| Untracked 
|   7|0x00000006c9500000, 0x00000006c9500000, 0x00000006c9600000|  0%| F|  |TAMS 0x00000006c9500000, 0x00000006c9500000| Untracked 
|   8|0x00000006c9600000, 0x00000006c9600000, 0x00000006c9700000|  0%| F|  |TAMS 0x00000006c9600000, 0x00000006c9600000| Untracked 
|   9|0x00000006c9700000, 0x00000006c9700000, 0x00000006c9800000|  0%| F|  |TAMS 0x00000006c9700000, 0x00000006c9700000| Untracked 
|  10|0x00000006c9800000, 0x00000006c9800000, 0x00000006c9900000|  0%| F|  |TAMS 0x00000006c9800000, 0x00000006c9800000| Untracked 
|  11|0x00000006c9900000, 0x00000006c9900000, 0x00000006c9a00000|  0%| F|  |TAMS 0x00000006c9900000, 0x00000006c9900000| Untracked 
|  12|0x00000006c9a00000, 0x00000006c9a00000, 0x00000006c9b00000|  0%| F|  |TAMS 0x00000006c9a00000, 0x00000006c9a00000| Untracked 
|  13|0x00000006c9b00000, 0x00000006c9b00000, 0x00000006c9c00000|  0%| F|  |TAMS 0x00000006c9b00000, 0x00000006c9b00000| Untracked 
|  14|0x00000006c9c00000, 0x00000006c9c00000, 0x00000006c9d00000|  0%| F|  |TAMS 0x00000006c9c00000, 0x00000006c9c00000| Untracked 
|  15|0x00000006c9d00000, 0x00000006c9d00000, 0x00000006c9e00000|  0%| F|  |TAMS 0x00000006c9d00000, 0x00000006c9d00000| Untracked 
|  16|0x00000006c9e00000, 0x00000006c9e00000, 0x00000006c9f00000|  0%| F|  |TAMS 0x00000006c9e00000, 0x00000006c9e00000| Untracked 
|  17|0x00000006c9f00000, 0x00000006c9f00000, 0x00000006ca000000|  0%| F|  |TAMS 0x00000006c9f00000, 0x00000006c9f00000| Untracked 
|  18|0x00000006ca000000, 0x00000006ca000000, 0x00000006ca100000|  0%| F|  |TAMS 0x00000006ca000000, 0x00000006ca000000| Untracked 
|  19|0x00000006ca100000, 0x00000006ca100000, 0x00000006ca200000|  0%| F|  |TAMS 0x00000006ca100000, 0x00000006ca100000| Untracked 
|  20|0x00000006ca200000, 0x00000006ca200000, 0x00000006ca300000|  0%| F|  |TAMS 0x00000006ca200000, 0x00000006ca200000| Untracked 
|  21|0x00000006ca300000, 0x00000006ca300000, 0x00000006ca400000|  0%| F|  |TAMS 0x00000006ca300000, 0x00000006ca300000| Untracked 
|  22|0x00000006ca400000, 0x00000006ca400000, 0x00000006ca500000|  0%| F|  |TAMS 0x00000006ca400000, 0x00000006ca400000| Untracked 
|  23|0x00000006ca500000, 0x00000006ca500000, 0x00000006ca600000|  0%| F|  |TAMS 0x00000006ca500000, 0x00000006ca500000| Untracked 
|  24|0x00000006ca600000, 0x00000006ca600000, 0x00000006ca700000|  0%| F|  |TAMS 0x00000006ca600000, 0x00000006ca600000| Untracked 
|  25|0x00000006ca700000, 0x00000006ca700000, 0x00000006ca800000|  0%| F|  |TAMS 0x00000006ca700000, 0x00000006ca700000| Untracked 
|  26|0x00000006ca800000, 0x00000006ca800000, 0x00000006ca900000|  0%| F|  |TAMS 0x00000006ca800000, 0x00000006ca800000| Untracked 
|  27|0x00000006ca900000, 0x00000006ca900000, 0x00000006caa00000|  0%| F|  |TAMS 0x00000006ca900000, 0x00000006ca900000| Untracked 
|  28|0x00000006caa00000, 0x00000006caa00000, 0x00000006cab00000|  0%| F|  |TAMS 0x00000006caa00000, 0x00000006caa00000| Untracked 
|  29|0x00000006cab00000, 0x00000006cab00000, 0x00000006cac00000|  0%| F|  |TAMS 0x00000006cab00000, 0x00000006cab00000| Untracked 
|  30|0x00000006cac00000, 0x00000006cac00000, 0x00000006cad00000|  0%| F|  |TAMS 0x00000006cac00000, 0x00000006cac00000| Untracked 
|  31|0x00000006cad00000, 0x00000006cad00000, 0x00000006cae00000|  0%| F|  |TAMS 0x00000006cad00000, 0x00000006cad00000| Untracked 
|  32|0x00000006cae00000, 0x00000006cae00000, 0x00000006caf00000|  0%| F|  |TAMS 0x00000006cae00000, 0x00000006cae00000| Untracked 
|  33|0x00000006caf00000, 0x00000006caf00000, 0x00000006cb000000|  0%| F|  |TAMS 0x00000006caf00000, 0x00000006caf00000| Untracked 
|  34|0x00000006cb000000, 0x00000006cb000000, 0x00000006cb100000|  0%| F|  |TAMS 0x00000006cb000000, 0x00000006cb000000| Untracked 
|  35|0x00000006cb100000, 0x00000006cb100000, 0x00000006cb200000|  0%| F|  |TAMS 0x00000006cb100000, 0x00000006cb100000| Untracked 
|  36|0x00000006cb200000, 0x00000006cb200000, 0x00000006cb300000|  0%| F|  |TAMS 0x00000006cb200000, 0x00000006cb200000| Untracked 
|  37|0x00000006cb300000, 0x00000006cb300000, 0x00000006cb400000|  0%| F|  |TAMS 0x00000006cb300000, 0x00000006cb300000| Untracked 
|  38|0x00000006cb400000, 0x00000006cb400000, 0x00000006cb500000|  0%| F|  |TAMS 0x00000006cb400000, 0x00000006cb400000| Untracked 
|  39|0x00000006cb500000, 0x00000006cb500000, 0x00000006cb600000|  0%| F|  |TAMS 0x00000006cb500000, 0x00000006cb500000| Untracked 
|  40|0x00000006cb600000, 0x00000006cb600000, 0x00000006cb700000|  0%| F|  |TAMS 0x00000006cb600000, 0x00000006cb600000| Untracked 
|  41|0x00000006cb700000, 0x00000006cb700000, 0x00000006cb800000|  0%| F|  |TAMS 0x00000006cb700000, 0x00000006cb700000| Untracked 
|  42|0x00000006cb800000, 0x00000006cb800000, 0x00000006cb900000|  0%| F|  |TAMS 0x00000006cb800000, 0x00000006cb800000| Untracked 
|  43|0x00000006cb900000, 0x00000006cb900000, 0x00000006cba00000|  0%| F|  |TAMS 0x00000006cb900000, 0x00000006cb900000| Untracked 
|  44|0x00000006cba00000, 0x00000006cba00000, 0x00000006cbb00000|  0%| F|  |TAMS 0x00000006cba00000, 0x00000006cba00000| Untracked 
|  45|0x00000006cbb00000, 0x00000006cbb00000, 0x00000006cbc00000|  0%| F|  |TAMS 0x00000006cbb00000, 0x00000006cbb00000| Untracked 
|  46|0x00000006cbc00000, 0x00000006cbc00000, 0x00000006cbd00000|  0%| F|  |TAMS 0x00000006cbc00000, 0x00000006cbc00000| Untracked 
|  47|0x00000006cbd00000, 0x00000006cbd00000, 0x00000006cbe00000|  0%| F|  |TAMS 0x00000006cbd00000, 0x00000006cbd00000| Untracked 
|  48|0x00000006cbe00000, 0x00000006cbe00000, 0x00000006cbf00000|  0%| F|  |TAMS 0x00000006cbe00000, 0x00000006cbe00000| Untracked 
|  49|0x00000006cbf00000, 0x00000006cbf00000, 0x00000006cc000000|  0%| F|  |TAMS 0x00000006cbf00000, 0x00000006cbf00000| Untracked 
|  50|0x00000006cc000000, 0x00000006cc000000, 0x00000006cc100000|  0%| F|  |TAMS 0x00000006cc000000, 0x00000006cc000000| Untracked 
|  51|0x00000006cc100000, 0x00000006cc100000, 0x00000006cc200000|  0%| F|  |TAMS 0x00000006cc100000, 0x00000006cc100000| Untracked 
|  52|0x00000006cc200000, 0x00000006cc200000, 0x00000006cc300000|  0%| F|  |TAMS 0x00000006cc200000, 0x00000006cc200000| Untracked 
|  53|0x00000006cc300000, 0x00000006cc300000, 0x00000006cc400000|  0%| F|  |TAMS 0x00000006cc300000, 0x00000006cc300000| Untracked 
|  54|0x00000006cc400000, 0x00000006cc400000, 0x00000006cc500000|  0%| F|  |TAMS 0x00000006cc400000, 0x00000006cc400000| Untracked 
|  55|0x00000006cc500000, 0x00000006cc500000, 0x00000006cc600000|  0%| F|  |TAMS 0x00000006cc500000, 0x00000006cc500000| Untracked 
|  56|0x00000006cc600000, 0x00000006cc600000, 0x00000006cc700000|  0%| F|  |TAMS 0x00000006cc600000, 0x00000006cc600000| Untracked 
|  57|0x00000006cc700000, 0x00000006cc700000, 0x00000006cc800000|  0%| F|  |TAMS 0x00000006cc700000, 0x00000006cc700000| Untracked 
|  58|0x00000006cc800000, 0x00000006cc800000, 0x00000006cc900000|  0%| F|  |TAMS 0x00000006cc800000, 0x00000006cc800000| Untracked 
|  59|0x00000006cc900000, 0x00000006cc900000, 0x00000006cca00000|  0%| F|  |TAMS 0x00000006cc900000, 0x00000006cc900000| Untracked 
|  60|0x00000006cca00000, 0x00000006cca00000, 0x00000006ccb00000|  0%| F|  |TAMS 0x00000006cca00000, 0x00000006cca00000| Untracked 
|  61|0x00000006ccb00000, 0x00000006ccb00000, 0x00000006ccc00000|  0%| F|  |TAMS 0x00000006ccb00000, 0x00000006ccb00000| Untracked 
|  62|0x00000006ccc00000, 0x00000006ccc00000, 0x00000006ccd00000|  0%| F|  |TAMS 0x00000006ccc00000, 0x00000006ccc00000| Untracked 
|  63|0x00000006ccd00000, 0x00000006ccd00000, 0x00000006cce00000|  0%| F|  |TAMS 0x00000006ccd00000, 0x00000006ccd00000| Untracked 
|  64|0x00000006cce00000, 0x00000006cce00000, 0x00000006ccf00000|  0%| F|  |TAMS 0x00000006cce00000, 0x00000006cce00000| Untracked 
|  65|0x00000006ccf00000, 0x00000006ccf00000, 0x00000006cd000000|  0%| F|  |TAMS 0x00000006ccf00000, 0x00000006ccf00000| Untracked 
|  66|0x00000006cd000000, 0x00000006cd000000, 0x00000006cd100000|  0%| F|  |TAMS 0x00000006cd000000, 0x00000006cd000000| Untracked 
|  67|0x00000006cd100000, 0x00000006cd100000, 0x00000006cd200000|  0%| F|  |TAMS 0x00000006cd100000, 0x00000006cd100000| Untracked 
|  68|0x00000006cd200000, 0x00000006cd200000, 0x00000006cd300000|  0%| F|  |TAMS 0x00000006cd200000, 0x00000006cd200000| Untracked 
|  69|0x00000006cd300000, 0x00000006cd300000, 0x00000006cd400000|  0%| F|  |TAMS 0x00000006cd300000, 0x00000006cd300000| Untracked 
|  70|0x00000006cd400000, 0x00000006cd400000, 0x00000006cd500000|  0%| F|  |TAMS 0x00000006cd400000, 0x00000006cd400000| Untracked 
|  71|0x00000006cd500000, 0x00000006cd500000, 0x00000006cd600000|  0%| F|  |TAMS 0x00000006cd500000, 0x00000006cd500000| Untracked 
|  72|0x00000006cd600000, 0x00000006cd600000, 0x00000006cd700000|  0%| F|  |TAMS 0x00000006cd600000, 0x00000006cd600000| Untracked 
|  73|0x00000006cd700000, 0x00000006cd700000, 0x00000006cd800000|  0%| F|  |TAMS 0x00000006cd700000, 0x00000006cd700000| Untracked 
|  74|0x00000006cd800000, 0x00000006cd800000, 0x00000006cd900000|  0%| F|  |TAMS 0x00000006cd800000, 0x00000006cd800000| Untracked 
|  75|0x00000006cd900000, 0x00000006cd900000, 0x00000006cda00000|  0%| F|  |TAMS 0x00000006cd900000, 0x00000006cd900000| Untracked 
|  76|0x00000006cda00000, 0x00000006cda00000, 0x00000006cdb00000|  0%| F|  |TAMS 0x00000006cda00000, 0x00000006cda00000| Untracked 
|  77|0x00000006cdb00000, 0x00000006cdb00000, 0x00000006cdc00000|  0%| F|  |TAMS 0x00000006cdb00000, 0x00000006cdb00000| Untracked 
|  78|0x00000006cdc00000, 0x00000006cdc00000, 0x00000006cdd00000|  0%| F|  |TAMS 0x00000006cdc00000, 0x00000006cdc00000| Untracked 
|  79|0x00000006cdd00000, 0x00000006cdd00000, 0x00000006cde00000|  0%| F|  |TAMS 0x00000006cdd00000, 0x00000006cdd00000| Untracked 
|  80|0x00000006cde00000, 0x00000006cde00000, 0x00000006cdf00000|  0%| F|  |TAMS 0x00000006cde00000, 0x00000006cde00000| Untracked 
|  81|0x00000006cdf00000, 0x00000006cdf00000, 0x00000006ce000000|  0%| F|  |TAMS 0x00000006cdf00000, 0x00000006cdf00000| Untracked 
|  82|0x00000006ce000000, 0x00000006ce000000, 0x00000006ce100000|  0%| F|  |TAMS 0x00000006ce000000, 0x00000006ce000000| Untracked 
|  83|0x00000006ce100000, 0x00000006ce100000, 0x00000006ce200000|  0%| F|  |TAMS 0x00000006ce100000, 0x00000006ce100000| Untracked 
|  84|0x00000006ce200000, 0x00000006ce200000, 0x00000006ce300000|  0%| F|  |TAMS 0x00000006ce200000, 0x00000006ce200000| Untracked 
|  85|0x00000006ce300000, 0x00000006ce300000, 0x00000006ce400000|  0%| F|  |TAMS 0x00000006ce300000, 0x00000006ce300000| Untracked 
|  86|0x00000006ce400000, 0x00000006ce400000, 0x00000006ce500000|  0%| F|  |TAMS 0x00000006ce400000, 0x00000006ce400000| Untracked 
|  87|0x00000006ce500000, 0x00000006ce500000, 0x00000006ce600000|  0%| F|  |TAMS 0x00000006ce500000, 0x00000006ce500000| Untracked 
|  88|0x00000006ce600000, 0x00000006ce600000, 0x00000006ce700000|  0%| F|  |TAMS 0x00000006ce600000, 0x00000006ce600000| Untracked 
|  89|0x00000006ce700000, 0x00000006ce700000, 0x00000006ce800000|  0%| F|  |TAMS 0x00000006ce700000, 0x00000006ce700000| Untracked 
|  90|0x00000006ce800000, 0x00000006ce800000, 0x00000006ce900000|  0%| F|  |TAMS 0x00000006ce800000, 0x00000006ce800000| Untracked 
|  91|0x00000006ce900000, 0x00000006ce900000, 0x00000006cea00000|  0%| F|  |TAMS 0x00000006ce900000, 0x00000006ce900000| Untracked 
|  92|0x00000006cea00000, 0x00000006cea00000, 0x00000006ceb00000|  0%| F|  |TAMS 0x00000006cea00000, 0x00000006cea00000| Untracked 
|  93|0x00000006ceb00000, 0x00000006ceb00000, 0x00000006cec00000|  0%| F|  |TAMS 0x00000006ceb00000, 0x00000006ceb00000| Untracked 
|  94|0x00000006cec00000, 0x00000006cec00000, 0x00000006ced00000|  0%| F|  |TAMS 0x00000006cec00000, 0x00000006cec00000| Untracked 
|  95|0x00000006ced00000, 0x00000006ced00000, 0x00000006cee00000|  0%| F|  |TAMS 0x00000006ced00000, 0x00000006ced00000| Untracked 
|  96|0x00000006cee00000, 0x00000006cee00000, 0x00000006cef00000|  0%| F|  |TAMS 0x00000006cee00000, 0x00000006cee00000| Untracked 
|  97|0x00000006cef00000, 0x00000006cef00000, 0x00000006cf000000|  0%| F|  |TAMS 0x00000006cef00000, 0x00000006cef00000| Untracked 
|  98|0x00000006cf000000, 0x00000006cf000000, 0x00000006cf100000|  0%| F|  |TAMS 0x00000006cf000000, 0x00000006cf000000| Untracked 
|  99|0x00000006cf100000, 0x00000006cf100000, 0x00000006cf200000|  0%| F|  |TAMS 0x00000006cf100000, 0x00000006cf100000| Untracked 
| 100|0x00000006cf200000, 0x00000006cf200000, 0x00000006cf300000|  0%| F|  |TAMS 0x00000006cf200000, 0x00000006cf200000| Untracked 
| 101|0x00000006cf300000, 0x00000006cf300000, 0x00000006cf400000|  0%| F|  |TAMS 0x00000006cf300000, 0x00000006cf300000| Untracked 
| 102|0x00000006cf400000, 0x00000006cf400000, 0x00000006cf500000|  0%| F|  |TAMS 0x00000006cf400000, 0x00000006cf400000| Untracked 
| 103|0x00000006cf500000, 0x00000006cf500000, 0x00000006cf600000|  0%| F|  |TAMS 0x00000006cf500000, 0x00000006cf500000| Untracked 
| 104|0x00000006cf600000, 0x00000006cf600000, 0x00000006cf700000|  0%| F|  |TAMS 0x00000006cf600000, 0x00000006cf600000| Untracked 
| 105|0x00000006cf700000, 0x00000006cf700000, 0x00000006cf800000|  0%| F|  |TAMS 0x00000006cf700000, 0x00000006cf700000| Untracked 
| 106|0x00000006cf800000, 0x00000006cf800000, 0x00000006cf900000|  0%| F|  |TAMS 0x00000006cf800000, 0x00000006cf800000| Untracked 
| 107|0x00000006cf900000, 0x00000006cf900000, 0x00000006cfa00000|  0%| F|  |TAMS 0x00000006cf900000, 0x00000006cf900000| Untracked 
| 108|0x00000006cfa00000, 0x00000006cfa00000, 0x00000006cfb00000|  0%| F|  |TAMS 0x00000006cfa00000, 0x00000006cfa00000| Untracked 
| 109|0x00000006cfb00000, 0x00000006cfb00000, 0x00000006cfc00000|  0%| F|  |TAMS 0x00000006cfb00000, 0x00000006cfb00000| Untracked 
| 110|0x00000006cfc00000, 0x00000006cfc00000, 0x00000006cfd00000|  0%| F|  |TAMS 0x00000006cfc00000, 0x00000006cfc00000| Untracked 
| 111|0x00000006cfd00000, 0x00000006cfd00000, 0x00000006cfe00000|  0%| F|  |TAMS 0x00000006cfd00000, 0x00000006cfd00000| Untracked 
| 112|0x00000006cfe00000, 0x00000006cfe00000, 0x00000006cff00000|  0%| F|  |TAMS 0x00000006cfe00000, 0x00000006cfe00000| Untracked 
| 113|0x00000006cff00000, 0x00000006cff00000, 0x00000006d0000000|  0%| F|  |TAMS 0x00000006cff00000, 0x00000006cff00000| Untracked 
| 114|0x00000006d0000000, 0x00000006d0000000, 0x00000006d0100000|  0%| F|  |TAMS 0x00000006d0000000, 0x00000006d0000000| Untracked 
| 115|0x00000006d0100000, 0x00000006d0100000, 0x00000006d0200000|  0%| F|  |TAMS 0x00000006d0100000, 0x00000006d0100000| Untracked 
| 116|0x00000006d0200000, 0x00000006d0200000, 0x00000006d0300000|  0%| F|  |TAMS 0x00000006d0200000, 0x00000006d0200000| Untracked 
| 117|0x00000006d0300000, 0x00000006d0300000, 0x00000006d0400000|  0%| F|  |TAMS 0x00000006d0300000, 0x00000006d0300000| Untracked 
| 118|0x00000006d0400000, 0x00000006d0400000, 0x00000006d0500000|  0%| F|  |TAMS 0x00000006d0400000, 0x00000006d0400000| Untracked 
| 119|0x00000006d0500000, 0x00000006d0500000, 0x00000006d0600000|  0%| F|  |TAMS 0x00000006d0500000, 0x00000006d0500000| Untracked 
| 120|0x00000006d0600000, 0x00000006d0600000, 0x00000006d0700000|  0%| F|  |TAMS 0x00000006d0600000, 0x00000006d0600000| Untracked 
| 121|0x00000006d0700000, 0x00000006d0700000, 0x00000006d0800000|  0%| F|  |TAMS 0x00000006d0700000, 0x00000006d0700000| Untracked 
| 122|0x00000006d0800000, 0x00000006d0800000, 0x00000006d0900000|  0%| F|  |TAMS 0x00000006d0800000, 0x00000006d0800000| Untracked 
| 123|0x00000006d0900000, 0x00000006d0900000, 0x00000006d0a00000|  0%| F|  |TAMS 0x00000006d0900000, 0x00000006d0900000| Untracked 
| 124|0x00000006d0a00000, 0x00000006d0a00000, 0x00000006d0b00000|  0%| F|  |TAMS 0x00000006d0a00000, 0x00000006d0a00000| Untracked 
| 125|0x00000006d0b00000, 0x00000006d0b00000, 0x00000006d0c00000|  0%| F|  |TAMS 0x00000006d0b00000, 0x00000006d0b00000| Untracked 
| 126|0x00000006d0c00000, 0x00000006d0c00000, 0x00000006d0d00000|  0%| F|  |TAMS 0x00000006d0c00000, 0x00000006d0c00000| Untracked 
| 127|0x00000006d0d00000, 0x00000006d0d00000, 0x00000006d0e00000|  0%| F|  |TAMS 0x00000006d0d00000, 0x00000006d0d00000| Untracked 
| 128|0x00000006d0e00000, 0x00000006d0e00000, 0x00000006d0f00000|  0%| F|  |TAMS 0x00000006d0e00000, 0x00000006d0e00000| Untracked 
| 129|0x00000006d0f00000, 0x00000006d0f00000, 0x00000006d1000000|  0%| F|  |TAMS 0x00000006d0f00000, 0x00000006d0f00000| Untracked 
| 130|0x00000006d1000000, 0x00000006d1000000, 0x00000006d1100000|  0%| F|  |TAMS 0x00000006d1000000, 0x00000006d1000000| Untracked 
| 131|0x00000006d1100000, 0x00000006d1100000, 0x00000006d1200000|  0%| F|  |TAMS 0x00000006d1100000, 0x00000006d1100000| Untracked 
| 132|0x00000006d1200000, 0x00000006d1200000, 0x00000006d1300000|  0%| F|  |TAMS 0x00000006d1200000, 0x00000006d1200000| Untracked 
| 133|0x00000006d1300000, 0x00000006d1300000, 0x00000006d1400000|  0%| F|  |TAMS 0x00000006d1300000, 0x00000006d1300000| Untracked 
| 134|0x00000006d1400000, 0x00000006d1400000, 0x00000006d1500000|  0%| F|  |TAMS 0x00000006d1400000, 0x00000006d1400000| Untracked 
| 135|0x00000006d1500000, 0x00000006d1500000, 0x00000006d1600000|  0%| F|  |TAMS 0x00000006d1500000, 0x00000006d1500000| Untracked 
| 136|0x00000006d1600000, 0x00000006d1600000, 0x00000006d1700000|  0%| F|  |TAMS 0x00000006d1600000, 0x00000006d1600000| Untracked 
| 137|0x00000006d1700000, 0x00000006d1700000, 0x00000006d1800000|  0%| F|  |TAMS 0x00000006d1700000, 0x00000006d1700000| Untracked 
| 138|0x00000006d1800000, 0x00000006d1800000, 0x00000006d1900000|  0%| F|  |TAMS 0x00000006d1800000, 0x00000006d1800000| Untracked 
| 139|0x00000006d1900000, 0x00000006d1900000, 0x00000006d1a00000|  0%| F|  |TAMS 0x00000006d1900000, 0x00000006d1900000| Untracked 
| 140|0x00000006d1a00000, 0x00000006d1a00000, 0x00000006d1b00000|  0%| F|  |TAMS 0x00000006d1a00000, 0x00000006d1a00000| Untracked 
| 141|0x00000006d1b00000, 0x00000006d1b00000, 0x00000006d1c00000|  0%| F|  |TAMS 0x00000006d1b00000, 0x00000006d1b00000| Untracked 
| 142|0x00000006d1c00000, 0x00000006d1c00000, 0x00000006d1d00000|  0%| F|  |TAMS 0x00000006d1c00000, 0x00000006d1c00000| Untracked 
| 143|0x00000006d1d00000, 0x00000006d1d00000, 0x00000006d1e00000|  0%| F|  |TAMS 0x00000006d1d00000, 0x00000006d1d00000| Untracked 
| 144|0x00000006d1e00000, 0x00000006d1e00000, 0x00000006d1f00000|  0%| F|  |TAMS 0x00000006d1e00000, 0x00000006d1e00000| Untracked 
| 145|0x00000006d1f00000, 0x00000006d1f00000, 0x00000006d2000000|  0%| F|  |TAMS 0x00000006d1f00000, 0x00000006d1f00000| Untracked 
| 146|0x00000006d2000000, 0x00000006d2000000, 0x00000006d2100000|  0%| F|  |TAMS 0x00000006d2000000, 0x00000006d2000000| Untracked 
| 147|0x00000006d2100000, 0x00000006d2100000, 0x00000006d2200000|  0%| F|  |TAMS 0x00000006d2100000, 0x00000006d2100000| Untracked 
| 148|0x00000006d2200000, 0x00000006d2200000, 0x00000006d2300000|  0%| F|  |TAMS 0x00000006d2200000, 0x00000006d2200000| Untracked 
| 149|0x00000006d2300000, 0x00000006d2300000, 0x00000006d2400000|  0%| F|  |TAMS 0x00000006d2300000, 0x00000006d2300000| Untracked 
| 150|0x00000006d2400000, 0x00000006d2400000, 0x00000006d2500000|  0%| F|  |TAMS 0x00000006d2400000, 0x00000006d2400000| Untracked 
| 151|0x00000006d2500000, 0x00000006d2500000, 0x00000006d2600000|  0%| F|  |TAMS 0x00000006d2500000, 0x00000006d2500000| Untracked 
| 152|0x00000006d2600000, 0x00000006d2600000, 0x00000006d2700000|  0%| F|  |TAMS 0x00000006d2600000, 0x00000006d2600000| Untracked 
| 153|0x00000006d2700000, 0x00000006d2700000, 0x00000006d2800000|  0%| F|  |TAMS 0x00000006d2700000, 0x00000006d2700000| Untracked 
| 154|0x00000006d2800000, 0x00000006d2800000, 0x00000006d2900000|  0%| F|  |TAMS 0x00000006d2800000, 0x00000006d2800000| Untracked 
| 155|0x00000006d2900000, 0x00000006d2900000, 0x00000006d2a00000|  0%| F|  |TAMS 0x00000006d2900000, 0x00000006d2900000| Untracked 
| 156|0x00000006d2a00000, 0x00000006d2a00000, 0x00000006d2b00000|  0%| F|  |TAMS 0x00000006d2a00000, 0x00000006d2a00000| Untracked 
| 157|0x00000006d2b00000, 0x00000006d2b00000, 0x00000006d2c00000|  0%| F|  |TAMS 0x00000006d2b00000, 0x00000006d2b00000| Untracked 
| 158|0x00000006d2c00000, 0x00000006d2c00000, 0x00000006d2d00000|  0%| F|  |TAMS 0x00000006d2c00000, 0x00000006d2c00000| Untracked 
| 159|0x00000006d2d00000, 0x00000006d2d00000, 0x00000006d2e00000|  0%| F|  |TAMS 0x00000006d2d00000, 0x00000006d2d00000| Untracked 
| 160|0x00000006d2e00000, 0x00000006d2e00000, 0x00000006d2f00000|  0%| F|  |TAMS 0x00000006d2e00000, 0x00000006d2e00000| Untracked 
| 161|0x00000006d2f00000, 0x00000006d2f00000, 0x00000006d3000000|  0%| F|  |TAMS 0x00000006d2f00000, 0x00000006d2f00000| Untracked 
| 162|0x00000006d3000000, 0x00000006d3000000, 0x00000006d3100000|  0%| F|  |TAMS 0x00000006d3000000, 0x00000006d3000000| Untracked 
| 163|0x00000006d3100000, 0x00000006d3100000, 0x00000006d3200000|  0%| F|  |TAMS 0x00000006d3100000, 0x00000006d3100000| Untracked 
| 164|0x00000006d3200000, 0x00000006d3200000, 0x00000006d3300000|  0%| F|  |TAMS 0x00000006d3200000, 0x00000006d3200000| Untracked 
| 165|0x00000006d3300000, 0x00000006d3300000, 0x00000006d3400000|  0%| F|  |TAMS 0x00000006d3300000, 0x00000006d3300000| Untracked 
| 166|0x00000006d3400000, 0x00000006d3400000, 0x00000006d3500000|  0%| F|  |TAMS 0x00000006d3400000, 0x00000006d3400000| Untracked 
| 167|0x00000006d3500000, 0x00000006d3500000, 0x00000006d3600000|  0%| F|  |TAMS 0x00000006d3500000, 0x00000006d3500000| Untracked 
| 168|0x00000006d3600000, 0x00000006d3600000, 0x00000006d3700000|  0%| F|  |TAMS 0x00000006d3600000, 0x00000006d3600000| Untracked 
| 169|0x00000006d3700000, 0x00000006d3700000, 0x00000006d3800000|  0%| F|  |TAMS 0x00000006d3700000, 0x00000006d3700000| Untracked 
| 170|0x00000006d3800000, 0x00000006d3800000, 0x00000006d3900000|  0%| F|  |TAMS 0x00000006d3800000, 0x00000006d3800000| Untracked 
| 171|0x00000006d3900000, 0x00000006d3900000, 0x00000006d3a00000|  0%| F|  |TAMS 0x00000006d3900000, 0x00000006d3900000| Untracked 
| 172|0x00000006d3a00000, 0x00000006d3a00000, 0x00000006d3b00000|  0%| F|  |TAMS 0x00000006d3a00000, 0x00000006d3a00000| Untracked 
| 173|0x00000006d3b00000, 0x00000006d3b00000, 0x00000006d3c00000|  0%| F|  |TAMS 0x00000006d3b00000, 0x00000006d3b00000| Untracked 
| 174|0x00000006d3c00000, 0x00000006d3c00000, 0x00000006d3d00000|  0%| F|  |TAMS 0x00000006d3c00000, 0x00000006d3c00000| Untracked 
| 175|0x00000006d3d00000, 0x00000006d3d00000, 0x00000006d3e00000|  0%| F|  |TAMS 0x00000006d3d00000, 0x00000006d3d00000| Untracked 
| 176|0x00000006d3e00000, 0x00000006d3e00000, 0x00000006d3f00000|  0%| F|  |TAMS 0x00000006d3e00000, 0x00000006d3e00000| Untracked 
| 177|0x00000006d3f00000, 0x00000006d3f00000, 0x00000006d4000000|  0%| F|  |TAMS 0x00000006d3f00000, 0x00000006d3f00000| Untracked 
| 178|0x00000006d4000000, 0x00000006d4000000, 0x00000006d4100000|  0%| F|  |TAMS 0x00000006d4000000, 0x00000006d4000000| Untracked 
| 179|0x00000006d4100000, 0x00000006d4100000, 0x00000006d4200000|  0%| F|  |TAMS 0x00000006d4100000, 0x00000006d4100000| Untracked 
| 180|0x00000006d4200000, 0x00000006d4200000, 0x00000006d4300000|  0%| F|  |TAMS 0x00000006d4200000, 0x00000006d4200000| Untracked 
| 181|0x00000006d4300000, 0x00000006d4300000, 0x00000006d4400000|  0%| F|  |TAMS 0x00000006d4300000, 0x00000006d4300000| Untracked 
| 182|0x00000006d4400000, 0x00000006d4400000, 0x00000006d4500000|  0%| F|  |TAMS 0x00000006d4400000, 0x00000006d4400000| Untracked 
| 183|0x00000006d4500000, 0x00000006d4500000, 0x00000006d4600000|  0%| F|  |TAMS 0x00000006d4500000, 0x00000006d4500000| Untracked 
| 184|0x00000006d4600000, 0x00000006d4600000, 0x00000006d4700000|  0%| F|  |TAMS 0x00000006d4600000, 0x00000006d4600000| Untracked 
| 185|0x00000006d4700000, 0x00000006d4700000, 0x00000006d4800000|  0%| F|  |TAMS 0x00000006d4700000, 0x00000006d4700000| Untracked 
| 186|0x00000006d4800000, 0x00000006d4800000, 0x00000006d4900000|  0%| F|  |TAMS 0x00000006d4800000, 0x00000006d4800000| Untracked 
| 187|0x00000006d4900000, 0x00000006d4900000, 0x00000006d4a00000|  0%| F|  |TAMS 0x00000006d4900000, 0x00000006d4900000| Untracked 
| 188|0x00000006d4a00000, 0x00000006d4a00000, 0x00000006d4b00000|  0%| F|  |TAMS 0x00000006d4a00000, 0x00000006d4a00000| Untracked 
| 189|0x00000006d4b00000, 0x00000006d4b00000, 0x00000006d4c00000|  0%| F|  |TAMS 0x00000006d4b00000, 0x00000006d4b00000| Untracked 
| 190|0x00000006d4c00000, 0x00000006d4c00000, 0x00000006d4d00000|  0%| F|  |TAMS 0x00000006d4c00000, 0x00000006d4c00000| Untracked 
| 191|0x00000006d4d00000, 0x00000006d4d00000, 0x00000006d4e00000|  0%| F|  |TAMS 0x00000006d4d00000, 0x00000006d4d00000| Untracked 
| 192|0x00000006d4e00000, 0x00000006d4e00000, 0x00000006d4f00000|  0%| F|  |TAMS 0x00000006d4e00000, 0x00000006d4e00000| Untracked 
| 193|0x00000006d4f00000, 0x00000006d4f00000, 0x00000006d5000000|  0%| F|  |TAMS 0x00000006d4f00000, 0x00000006d4f00000| Untracked 
| 194|0x00000006d5000000, 0x00000006d5000000, 0x00000006d5100000|  0%| F|  |TAMS 0x00000006d5000000, 0x00000006d5000000| Untracked 
| 195|0x00000006d5100000, 0x00000006d5100000, 0x00000006d5200000|  0%| F|  |TAMS 0x00000006d5100000, 0x00000006d5100000| Untracked 
| 196|0x00000006d5200000, 0x00000006d5200000, 0x00000006d5300000|  0%| F|  |TAMS 0x00000006d5200000, 0x00000006d5200000| Untracked 
| 197|0x00000006d5300000, 0x00000006d5300000, 0x00000006d5400000|  0%| F|  |TAMS 0x00000006d5300000, 0x00000006d5300000| Untracked 
| 198|0x00000006d5400000, 0x00000006d5400000, 0x00000006d5500000|  0%| F|  |TAMS 0x00000006d5400000, 0x00000006d5400000| Untracked 
| 199|0x00000006d5500000, 0x00000006d5500000, 0x00000006d5600000|  0%| F|  |TAMS 0x00000006d5500000, 0x00000006d5500000| Untracked 
| 200|0x00000006d5600000, 0x00000006d5600000, 0x00000006d5700000|  0%| F|  |TAMS 0x00000006d5600000, 0x00000006d5600000| Untracked 
| 201|0x00000006d5700000, 0x00000006d5700000, 0x00000006d5800000|  0%| F|  |TAMS 0x00000006d5700000, 0x00000006d5700000| Untracked 
| 202|0x00000006d5800000, 0x00000006d5800000, 0x00000006d5900000|  0%| F|  |TAMS 0x00000006d5800000, 0x00000006d5800000| Untracked 
| 203|0x00000006d5900000, 0x00000006d5900000, 0x00000006d5a00000|  0%| F|  |TAMS 0x00000006d5900000, 0x00000006d5900000| Untracked 
| 204|0x00000006d5a00000, 0x00000006d5a00000, 0x00000006d5b00000|  0%| F|  |TAMS 0x00000006d5a00000, 0x00000006d5a00000| Untracked 
| 205|0x00000006d5b00000, 0x00000006d5b00000, 0x00000006d5c00000|  0%| F|  |TAMS 0x00000006d5b00000, 0x00000006d5b00000| Untracked 
| 206|0x00000006d5c00000, 0x00000006d5c00000, 0x00000006d5d00000|  0%| F|  |TAMS 0x00000006d5c00000, 0x00000006d5c00000| Untracked 
| 207|0x00000006d5d00000, 0x00000006d5d00000, 0x00000006d5e00000|  0%| F|  |TAMS 0x00000006d5d00000, 0x00000006d5d00000| Untracked 
| 208|0x00000006d5e00000, 0x00000006d5e00000, 0x00000006d5f00000|  0%| F|  |TAMS 0x00000006d5e00000, 0x00000006d5e00000| Untracked 
| 209|0x00000006d5f00000, 0x00000006d5f00000, 0x00000006d6000000|  0%| F|  |TAMS 0x00000006d5f00000, 0x00000006d5f00000| Untracked 
| 210|0x00000006d6000000, 0x00000006d6000000, 0x00000006d6100000|  0%| F|  |TAMS 0x00000006d6000000, 0x00000006d6000000| Untracked 
| 211|0x00000006d6100000, 0x00000006d6100000, 0x00000006d6200000|  0%| F|  |TAMS 0x00000006d6100000, 0x00000006d6100000| Untracked 
| 212|0x00000006d6200000, 0x00000006d6200000, 0x00000006d6300000|  0%| F|  |TAMS 0x00000006d6200000, 0x00000006d6200000| Untracked 
| 213|0x00000006d6300000, 0x00000006d6300000, 0x00000006d6400000|  0%| F|  |TAMS 0x00000006d6300000, 0x00000006d6300000| Untracked 
| 214|0x00000006d6400000, 0x00000006d6400000, 0x00000006d6500000|  0%| F|  |TAMS 0x00000006d6400000, 0x00000006d6400000| Untracked 
| 215|0x00000006d6500000, 0x00000006d6500000, 0x00000006d6600000|  0%| F|  |TAMS 0x00000006d6500000, 0x00000006d6500000| Untracked 
| 216|0x00000006d6600000, 0x00000006d6600000, 0x00000006d6700000|  0%| F|  |TAMS 0x00000006d6600000, 0x00000006d6600000| Untracked 
| 217|0x00000006d6700000, 0x00000006d6700000, 0x00000006d6800000|  0%| F|  |TAMS 0x00000006d6700000, 0x00000006d6700000| Untracked 
| 218|0x00000006d6800000, 0x00000006d6800000, 0x00000006d6900000|  0%| F|  |TAMS 0x00000006d6800000, 0x00000006d6800000| Untracked 
| 219|0x00000006d6900000, 0x00000006d6900000, 0x00000006d6a00000|  0%| F|  |TAMS 0x00000006d6900000, 0x00000006d6900000| Untracked 
| 220|0x00000006d6a00000, 0x00000006d6a00000, 0x00000006d6b00000|  0%| F|  |TAMS 0x00000006d6a00000, 0x00000006d6a00000| Untracked 
| 221|0x00000006d6b00000, 0x00000006d6b00000, 0x00000006d6c00000|  0%| F|  |TAMS 0x00000006d6b00000, 0x00000006d6b00000| Untracked 
| 222|0x00000006d6c00000, 0x00000006d6c00000, 0x00000006d6d00000|  0%| F|  |TAMS 0x00000006d6c00000, 0x00000006d6c00000| Untracked 
| 223|0x00000006d6d00000, 0x00000006d6d00000, 0x00000006d6e00000|  0%| F|  |TAMS 0x00000006d6d00000, 0x00000006d6d00000| Untracked 
| 224|0x00000006d6e00000, 0x00000006d6e00000, 0x00000006d6f00000|  0%| F|  |TAMS 0x00000006d6e00000, 0x00000006d6e00000| Untracked 
| 225|0x00000006d6f00000, 0x00000006d6f00000, 0x00000006d7000000|  0%| F|  |TAMS 0x00000006d6f00000, 0x00000006d6f00000| Untracked 
| 226|0x00000006d7000000, 0x00000006d7000000, 0x00000006d7100000|  0%| F|  |TAMS 0x00000006d7000000, 0x00000006d7000000| Untracked 
| 227|0x00000006d7100000, 0x00000006d7100000, 0x00000006d7200000|  0%| F|  |TAMS 0x00000006d7100000, 0x00000006d7100000| Untracked 
| 228|0x00000006d7200000, 0x00000006d7200000, 0x00000006d7300000|  0%| F|  |TAMS 0x00000006d7200000, 0x00000006d7200000| Untracked 
| 229|0x00000006d7300000, 0x00000006d7300000, 0x00000006d7400000|  0%| F|  |TAMS 0x00000006d7300000, 0x00000006d7300000| Untracked 
| 230|0x00000006d7400000, 0x00000006d7400000, 0x00000006d7500000|  0%| F|  |TAMS 0x00000006d7400000, 0x00000006d7400000| Untracked 
| 231|0x00000006d7500000, 0x00000006d7500000, 0x00000006d7600000|  0%| F|  |TAMS 0x00000006d7500000, 0x00000006d7500000| Untracked 
| 232|0x00000006d7600000, 0x00000006d7600000, 0x00000006d7700000|  0%| F|  |TAMS 0x00000006d7600000, 0x00000006d7600000| Untracked 
| 233|0x00000006d7700000, 0x00000006d7700000, 0x00000006d7800000|  0%| F|  |TAMS 0x00000006d7700000, 0x00000006d7700000| Untracked 
| 234|0x00000006d7800000, 0x00000006d7800000, 0x00000006d7900000|  0%| F|  |TAMS 0x00000006d7800000, 0x00000006d7800000| Untracked 
| 235|0x00000006d7900000, 0x00000006d7900000, 0x00000006d7a00000|  0%| F|  |TAMS 0x00000006d7900000, 0x00000006d7900000| Untracked 
| 236|0x00000006d7a00000, 0x00000006d7a00000, 0x00000006d7b00000|  0%| F|  |TAMS 0x00000006d7a00000, 0x00000006d7a00000| Untracked 
| 237|0x00000006d7b00000, 0x00000006d7b00000, 0x00000006d7c00000|  0%| F|  |TAMS 0x00000006d7b00000, 0x00000006d7b00000| Untracked 
| 238|0x00000006d7c00000, 0x00000006d7c00000, 0x00000006d7d00000|  0%| F|  |TAMS 0x00000006d7c00000, 0x00000006d7c00000| Untracked 
| 239|0x00000006d7d00000, 0x00000006d7d00000, 0x00000006d7e00000|  0%| F|  |TAMS 0x00000006d7d00000, 0x00000006d7d00000| Untracked 
| 240|0x00000006d7e00000, 0x00000006d7e00000, 0x00000006d7f00000|  0%| F|  |TAMS 0x00000006d7e00000, 0x00000006d7e00000| Untracked 
| 241|0x00000006d7f00000, 0x00000006d7f00000, 0x00000006d8000000|  0%| F|  |TAMS 0x00000006d7f00000, 0x00000006d7f00000| Untracked 
| 242|0x00000006d8000000, 0x00000006d8000000, 0x00000006d8100000|  0%| F|  |TAMS 0x00000006d8000000, 0x00000006d8000000| Untracked 
| 243|0x00000006d8100000, 0x00000006d8100000, 0x00000006d8200000|  0%| F|  |TAMS 0x00000006d8100000, 0x00000006d8100000| Untracked 
| 244|0x00000006d8200000, 0x00000006d8200000, 0x00000006d8300000|  0%| F|  |TAMS 0x00000006d8200000, 0x00000006d8200000| Untracked 
| 245|0x00000006d8300000, 0x00000006d8300000, 0x00000006d8400000|  0%| F|  |TAMS 0x00000006d8300000, 0x00000006d8300000| Untracked 
| 246|0x00000006d8400000, 0x00000006d8400000, 0x00000006d8500000|  0%| F|  |TAMS 0x00000006d8400000, 0x00000006d8400000| Untracked 
| 247|0x00000006d8500000, 0x00000006d8500000, 0x00000006d8600000|  0%| F|  |TAMS 0x00000006d8500000, 0x00000006d8500000| Untracked 
| 248|0x00000006d8600000, 0x00000006d8600000, 0x00000006d8700000|  0%| F|  |TAMS 0x00000006d8600000, 0x00000006d8600000| Untracked 
| 249|0x00000006d8700000, 0x00000006d8700000, 0x00000006d8800000|  0%| F|  |TAMS 0x00000006d8700000, 0x00000006d8700000| Untracked 
| 250|0x00000006d8800000, 0x00000006d8800000, 0x00000006d8900000|  0%| F|  |TAMS 0x00000006d8800000, 0x00000006d8800000| Untracked 
| 251|0x00000006d8900000, 0x00000006d8900000, 0x00000006d8a00000|  0%| F|  |TAMS 0x00000006d8900000, 0x00000006d8900000| Untracked 
| 252|0x00000006d8a00000, 0x00000006d8a00000, 0x00000006d8b00000|  0%| F|  |TAMS 0x00000006d8a00000, 0x00000006d8a00000| Untracked 
| 253|0x00000006d8b00000, 0x00000006d8b00000, 0x00000006d8c00000|  0%| F|  |TAMS 0x00000006d8b00000, 0x00000006d8b00000| Untracked 
| 254|0x00000006d8c00000, 0x00000006d8c00000, 0x00000006d8d00000|  0%| F|  |TAMS 0x00000006d8c00000, 0x00000006d8c00000| Untracked 
| 255|0x00000006d8d00000, 0x00000006d8d00000, 0x00000006d8e00000|  0%| F|  |TAMS 0x00000006d8d00000, 0x00000006d8d00000| Untracked 
| 256|0x00000006d8e00000, 0x00000006d8e00000, 0x00000006d8f00000|  0%| F|  |TAMS 0x00000006d8e00000, 0x00000006d8e00000| Untracked 
| 257|0x00000006d8f00000, 0x00000006d8f00000, 0x00000006d9000000|  0%| F|  |TAMS 0x00000006d8f00000, 0x00000006d8f00000| Untracked 
| 258|0x00000006d9000000, 0x00000006d9000000, 0x00000006d9100000|  0%| F|  |TAMS 0x00000006d9000000, 0x00000006d9000000| Untracked 
| 259|0x00000006d9100000, 0x00000006d9100000, 0x00000006d9200000|  0%| F|  |TAMS 0x00000006d9100000, 0x00000006d9100000| Untracked 
| 260|0x00000006d9200000, 0x00000006d9200000, 0x00000006d9300000|  0%| F|  |TAMS 0x00000006d9200000, 0x00000006d9200000| Untracked 
| 261|0x00000006d9300000, 0x00000006d9300000, 0x00000006d9400000|  0%| F|  |TAMS 0x00000006d9300000, 0x00000006d9300000| Untracked 
| 262|0x00000006d9400000, 0x00000006d9400000, 0x00000006d9500000|  0%| F|  |TAMS 0x00000006d9400000, 0x00000006d9400000| Untracked 
| 263|0x00000006d9500000, 0x00000006d9500000, 0x00000006d9600000|  0%| F|  |TAMS 0x00000006d9500000, 0x00000006d9500000| Untracked 
| 264|0x00000006d9600000, 0x00000006d9600000, 0x00000006d9700000|  0%| F|  |TAMS 0x00000006d9600000, 0x00000006d9600000| Untracked 
| 265|0x00000006d9700000, 0x00000006d9700000, 0x00000006d9800000|  0%| F|  |TAMS 0x00000006d9700000, 0x00000006d9700000| Untracked 
| 266|0x00000006d9800000, 0x00000006d9800000, 0x00000006d9900000|  0%| F|  |TAMS 0x00000006d9800000, 0x00000006d9800000| Untracked 
| 267|0x00000006d9900000, 0x00000006d9900000, 0x00000006d9a00000|  0%| F|  |TAMS 0x00000006d9900000, 0x00000006d9900000| Untracked 
| 268|0x00000006d9a00000, 0x00000006d9a00000, 0x00000006d9b00000|  0%| F|  |TAMS 0x00000006d9a00000, 0x00000006d9a00000| Untracked 
| 269|0x00000006d9b00000, 0x00000006d9b00000, 0x00000006d9c00000|  0%| F|  |TAMS 0x00000006d9b00000, 0x00000006d9b00000| Untracked 
| 270|0x00000006d9c00000, 0x00000006d9c00000, 0x00000006d9d00000|  0%| F|  |TAMS 0x00000006d9c00000, 0x00000006d9c00000| Untracked 
| 271|0x00000006d9d00000, 0x00000006d9d00000, 0x00000006d9e00000|  0%| F|  |TAMS 0x00000006d9d00000, 0x00000006d9d00000| Untracked 
| 272|0x00000006d9e00000, 0x00000006d9e00000, 0x00000006d9f00000|  0%| F|  |TAMS 0x00000006d9e00000, 0x00000006d9e00000| Untracked 
| 273|0x00000006d9f00000, 0x00000006d9f00000, 0x00000006da000000|  0%| F|  |TAMS 0x00000006d9f00000, 0x00000006d9f00000| Untracked 
| 274|0x00000006da000000, 0x00000006da000000, 0x00000006da100000|  0%| F|  |TAMS 0x00000006da000000, 0x00000006da000000| Untracked 
| 275|0x00000006da100000, 0x00000006da100000, 0x00000006da200000|  0%| F|  |TAMS 0x00000006da100000, 0x00000006da100000| Untracked 
| 276|0x00000006da200000, 0x00000006da200000, 0x00000006da300000|  0%| F|  |TAMS 0x00000006da200000, 0x00000006da200000| Untracked 
| 277|0x00000006da300000, 0x00000006da300000, 0x00000006da400000|  0%| F|  |TAMS 0x00000006da300000, 0x00000006da300000| Untracked 
| 278|0x00000006da400000, 0x00000006da400000, 0x00000006da500000|  0%| F|  |TAMS 0x00000006da400000, 0x00000006da400000| Untracked 
| 279|0x00000006da500000, 0x00000006da500000, 0x00000006da600000|  0%| F|  |TAMS 0x00000006da500000, 0x00000006da500000| Untracked 
| 280|0x00000006da600000, 0x00000006da600000, 0x00000006da700000|  0%| F|  |TAMS 0x00000006da600000, 0x00000006da600000| Untracked 
| 281|0x00000006da700000, 0x00000006da700000, 0x00000006da800000|  0%| F|  |TAMS 0x00000006da700000, 0x00000006da700000| Untracked 
| 282|0x00000006da800000, 0x00000006da800000, 0x00000006da900000|  0%| F|  |TAMS 0x00000006da800000, 0x00000006da800000| Untracked 
| 283|0x00000006da900000, 0x00000006da900000, 0x00000006daa00000|  0%| F|  |TAMS 0x00000006da900000, 0x00000006da900000| Untracked 
| 284|0x00000006daa00000, 0x00000006daa00000, 0x00000006dab00000|  0%| F|  |TAMS 0x00000006daa00000, 0x00000006daa00000| Untracked 
| 285|0x00000006dab00000, 0x00000006dab00000, 0x00000006dac00000|  0%| F|  |TAMS 0x00000006dab00000, 0x00000006dab00000| Untracked 
| 286|0x00000006dac00000, 0x00000006dac00000, 0x00000006dad00000|  0%| F|  |TAMS 0x00000006dac00000, 0x00000006dac00000| Untracked 
| 287|0x00000006dad00000, 0x00000006dad00000, 0x00000006dae00000|  0%| F|  |TAMS 0x00000006dad00000, 0x00000006dad00000| Untracked 
| 288|0x00000006dae00000, 0x00000006dae00000, 0x00000006daf00000|  0%| F|  |TAMS 0x00000006dae00000, 0x00000006dae00000| Untracked 
| 289|0x00000006daf00000, 0x00000006daf00000, 0x00000006db000000|  0%| F|  |TAMS 0x00000006daf00000, 0x00000006daf00000| Untracked 
| 290|0x00000006db000000, 0x00000006db000000, 0x00000006db100000|  0%| F|  |TAMS 0x00000006db000000, 0x00000006db000000| Untracked 
| 291|0x00000006db100000, 0x00000006db100000, 0x00000006db200000|  0%| F|  |TAMS 0x00000006db100000, 0x00000006db100000| Untracked 
| 292|0x00000006db200000, 0x00000006db200000, 0x00000006db300000|  0%| F|  |TAMS 0x00000006db200000, 0x00000006db200000| Untracked 
| 293|0x00000006db300000, 0x00000006db300000, 0x00000006db400000|  0%| F|  |TAMS 0x00000006db300000, 0x00000006db300000| Untracked 
| 294|0x00000006db400000, 0x00000006db400000, 0x00000006db500000|  0%| F|  |TAMS 0x00000006db400000, 0x00000006db400000| Untracked 
| 295|0x00000006db500000, 0x00000006db500000, 0x00000006db600000|  0%| F|  |TAMS 0x00000006db500000, 0x00000006db500000| Untracked 
| 296|0x00000006db600000, 0x00000006db600000, 0x00000006db700000|  0%| F|  |TAMS 0x00000006db600000, 0x00000006db600000| Untracked 
| 297|0x00000006db700000, 0x00000006db700000, 0x00000006db800000|  0%| F|  |TAMS 0x00000006db700000, 0x00000006db700000| Untracked 
| 298|0x00000006db800000, 0x00000006db800000, 0x00000006db900000|  0%| F|  |TAMS 0x00000006db800000, 0x00000006db800000| Untracked 
| 299|0x00000006db900000, 0x00000006db900000, 0x00000006dba00000|  0%| F|  |TAMS 0x00000006db900000, 0x00000006db900000| Untracked 
| 300|0x00000006dba00000, 0x00000006dba00000, 0x00000006dbb00000|  0%| F|  |TAMS 0x00000006dba00000, 0x00000006dba00000| Untracked 
| 301|0x00000006dbb00000, 0x00000006dbb00000, 0x00000006dbc00000|  0%| F|  |TAMS 0x00000006dbb00000, 0x00000006dbb00000| Untracked 
| 302|0x00000006dbc00000, 0x00000006dbc00000, 0x00000006dbd00000|  0%| F|  |TAMS 0x00000006dbc00000, 0x00000006dbc00000| Untracked 
| 303|0x00000006dbd00000, 0x00000006dbd00000, 0x00000006dbe00000|  0%| F|  |TAMS 0x00000006dbd00000, 0x00000006dbd00000| Untracked 
| 304|0x00000006dbe00000, 0x00000006dbe00000, 0x00000006dbf00000|  0%| F|  |TAMS 0x00000006dbe00000, 0x00000006dbe00000| Untracked 
| 305|0x00000006dbf00000, 0x00000006dbf00000, 0x00000006dc000000|  0%| F|  |TAMS 0x00000006dbf00000, 0x00000006dbf00000| Untracked 
| 306|0x00000006dc000000, 0x00000006dc000000, 0x00000006dc100000|  0%| F|  |TAMS 0x00000006dc000000, 0x00000006dc000000| Untracked 
| 307|0x00000006dc100000, 0x00000006dc100000, 0x00000006dc200000|  0%| F|  |TAMS 0x00000006dc100000, 0x00000006dc100000| Untracked 
| 308|0x00000006dc200000, 0x00000006dc200000, 0x00000006dc300000|  0%| F|  |TAMS 0x00000006dc200000, 0x00000006dc200000| Untracked 
| 309|0x00000006dc300000, 0x00000006dc300000, 0x00000006dc400000|  0%| F|  |TAMS 0x00000006dc300000, 0x00000006dc300000| Untracked 
| 310|0x00000006dc400000, 0x00000006dc400000, 0x00000006dc500000|  0%| F|  |TAMS 0x00000006dc400000, 0x00000006dc400000| Untracked 
| 311|0x00000006dc500000, 0x00000006dc600000, 0x00000006dc600000|100%| E|  |TAMS 0x00000006dc500000, 0x00000006dc500000| Complete 
|3952|0x00000007bfe00000, 0x00000007bfe47000, 0x00000007bff00000| 27%|OA|  |TAMS 0x00000007bfe00000, 0x00000007bfe00000| Untracked 
|3953|0x00000007bff00000, 0x00000007bff6b000, 0x00000007c0000000| 41%|CA|  |TAMS 0x00000007bff00000, 0x00000007bff00000| Untracked 

Card table byte_map: [0x00007f6b2ac8e000,0x00007f6b2b647000] _byte_map_base: 0x00007f6b27647000

Marking Bits (Prev, Next): (CMBitMap*) 0x00007f6b48067ca8, (CMBitMap*) 0x00007f6b48067ce0
 Prev Bits: [0x00007f6b2550d000, 0x00007f6b2a2d5000)
 Next Bits: [0x00007f6b20745000, 0x00007f6b2550d000)

Polling page: 0x00007f6b4def0000

Metaspace:

Usage:
  Non-class:      4.00 MB capacity,   151.23 KB (  4%) used,     3.86 MB ( 96%) free+waste,   128 bytes ( <1%) overhead. 
      Class:    386.00 KB capacity,     5.67 KB (  1%) used,   380.20 KB ( 98%) free+waste,   128 bytes ( <1%) overhead. 
       Both:      4.38 MB capacity,   156.91 KB (  3%) used,     4.23 MB ( 96%) free+waste,   256 bytes ( <1%) overhead. 

Virtual space:
  Non-class space:        8.00 MB reserved,       4.25 MB ( 53%) committed 
      Class space:        1.00 GB reserved,     512.00 KB ( <1%) committed 
             Both:        1.01 GB reserved,       4.75 MB ( <1%) committed 

Chunk freelists:
   Non-Class:  0 bytes
       Class:  0 bytes
        Both:  0 bytes

MaxMetaspaceSize: unlimited
CompressedClassSpaceSize: 1.00 GB

CodeHeap 'non-profiled nmethods': size=120032Kb used=14Kb max_used=14Kb free=120017Kb
 bounds [0x00007f6b38340000, 0x00007f6b385b0000, 0x00007f6b3f878000]
CodeHeap 'profiled nmethods': size=120032Kb used=79Kb max_used=79Kb free=119952Kb
 bounds [0x00007f6b30e08000, 0x00007f6b31078000, 0x00007f6b38340000]
CodeHeap 'non-nmethods': size=5696Kb used=986Kb max_used=997Kb free=4709Kb
 bounds [0x00007f6b30878000, 0x00007f6b30ae8000, 0x00007f6b30e08000]
 total_blobs=300 nmethods=58 adapters=155
 compilation: enabled
              stopped_count=0, restarted_count=0
 full_count=0

Compilation events (20 events):
Event: 0.029 Thread 0x00007f6b481ff800 nmethod 55 0x00007f6b38343290 code [0x00007f6b38343420, 0x00007f6b383434d8]
Event: 0.029 Thread 0x00007f6b48201800 nmethod 49 0x00007f6b30e17210 code [0x00007f6b30e174e0, 0x00007f6b30e18a80]
Event: 0.029 Thread 0x00007f6b48201800   50       3       jdk.internal.module.ModuleBootstrap$2::hasNext (30 bytes)
Event: 0.030 Thread 0x00007f6b48201800 nmethod 50 0x00007f6b30e18f10 code [0x00007f6b30e190e0, 0x00007f6b30e19430]
Event: 0.030 Thread 0x00007f6b48201800   52       3       jdk.internal.module.ModuleBootstrap$2::next (52 bytes)
Event: 0.030 Thread 0x00007f6b48201800 nmethod 52 0x00007f6b30e19510 code [0x00007f6b30e19720, 0x00007f6b30e19ca0]
Event: 0.030 Thread 0x00007f6b48201800   53       3       java.util.HashMap::putIfAbsent (13 bytes)
Event: 0.030 Thread 0x00007f6b48201800 nmethod 53 0x00007f6b30e19e10 code [0x00007f6b30e19fe0, 0x00007f6b30e1a2f0]
Event: 0.030 Thread 0x00007f6b48201800   48       1       java.lang.Module::getDescriptor (5 bytes)
Event: 0.030 Thread 0x00007f6b48201800 nmethod 48 0x00007f6b38343590 code [0x00007f6b38343740, 0x00007f6b38343810]
Event: 0.030 Thread 0x00007f6b48201800   22       3       java.lang.String::length (11 bytes)
Event: 0.030 Thread 0x00007f6b48201800 nmethod 22 0x00007f6b30e1a410 code [0x00007f6b30e1a5c0, 0x00007f6b30e1a770]
Event: 0.030 Thread 0x00007f6b48201800   42       3       java.util.HashSet::add (20 bytes)
Event: 0.030 Thread 0x00007f6b48201800 nmethod 42 0x00007f6b30e1a890 code [0x00007f6b30e1aa80, 0x00007f6b30e1aef0]
Event: 0.030 Thread 0x00007f6b48201800   56       3       java.lang.String::charAt (25 bytes)
Event: 0.031 Thread 0x00007f6b48201800 nmethod 56 0x00007f6b30e1b090 code [0x00007f6b30e1b280, 0x00007f6b30e1b650]
Event: 0.031 Thread 0x00007f6b48201800   57       3       java.lang.StringLatin1::charAt (28 bytes)
Event: 0.031 Thread 0x00007f6b48201800 nmethod 57 0x00007f6b30e1b790 code [0x00007f6b30e1b960, 0x00007f6b30e1bb40]
Event: 0.031 Thread 0x00007f6b48201800   58       3       java.lang.StringLatin1::canEncode (13 bytes)
Event: 0.032 Thread 0x00007f6b48201800 nmethod 58 0x00007f6b30e1bc10 code [0x00007f6b30e1bdc0, 0x00007f6b30e1bef0]

GC Heap History (0 events):
No events

Deoptimization events (0 events):
No events

Classes redefined (0 events):
No events

Internal exceptions (0 events):
No events

Events (20 events):
Event: 0.017 Thread 0x00007f6b481ff800 Thread added: 0x00007f6b481ff800
Event: 0.017 Protecting memory [0x00007f6b18eed000,0x00007f6b18ef1000] with protection modes 0
Event: 0.017 Thread 0x00007f6b48201800 Thread added: 0x00007f6b48201800
Event: 0.017 Protecting memory [0x00007f6b18dec000,0x00007f6b18df0000] with protection modes 0
Event: 0.017 Thread 0x00007f6b48203800 Thread added: 0x00007f6b48203800
Event: 0.017 Protecting memory [0x00007f6b18ceb000,0x00007f6b18cef000] with protection modes 0
Event: 0.029 Executing VM operation: EnableBiasedLocking
Event: 0.029 Executing VM operation: EnableBiasedLocking done
Event: 0.029 loading class jdk/internal/vm/PostVMInitHook
Event: 0.029 loading class jdk/internal/vm/PostVMInitHook done
Event: 0.029 loading class Main
Event: 0.030 loading class Main done
Event: 0.030 loading class jdk/internal/loader/URLClassPath$FileLoader
Event: 0.030 loading class jdk/internal/loader/URLClassPath$FileLoader done
Event: 0.030 loading class jdk/internal/loader/URLClassPath$FileLoader$1
Event: 0.030 loading class jdk/internal/loader/URLClassPath$FileLoader$1 done
Event: 0.031 Thread 0x00007f6b4824e800 Thread added: 0x00007f6b4824e800
Event: 0.031 Protecting memory [0x00007f6b18ae8000,0x00007f6b18aec000] with protection modes 0
Event: 0.031 Executing VM operation: RevokeBias
Event: 0.031 Executing VM operation: RevokeBias done


Dynamic libraries:
6c8e00000-6dc600000 rw-p 00000000 00:00 0 
6dc600000-7bfe00000 ---p 00000000 00:00 0 
7bfe00000-7bfe47000 rw-p 01111000 08:12 23724473                         /usr/lib/jvm/java-11-openjdk-amd64/lib/server/classes.jsa
7bfe47000-7bff00000 rw-p 00000000 00:00 0 
7bff00000-7bff6b000 rw-p 010a6000 08:12 23724473                         /usr/lib/jvm/java-11-openjdk-amd64/lib/server/classes.jsa
7bff6b000-7c0000000 rw-p 00000000 00:00 0 
7c0000000-800000000 ---p 00000000 00:00 0 
800000000-800002000 rwxp 00001000 08:12 23724473                         /usr/lib/jvm/java-11-openjdk-amd64/lib/server/classes.jsa
800002000-8003b9000 rw-p 00003000 08:12 23724473                         /usr/lib/jvm/java-11-openjdk-amd64/lib/server/classes.jsa
8003b9000-800a96000 r--p 003ba000 08:12 23724473                         /usr/lib/jvm/java-11-openjdk-amd64/lib/server/classes.jsa
800a96000-800a97000 rw-p 00a97000 08:12 23724473                         /usr/lib/jvm/java-11-openjdk-amd64/lib/server/classes.jsa
800a97000-8010a5000 r--p 00a98000 08:12 23724473                         /usr/lib/jvm/java-11-openjdk-amd64/lib/server/classes.jsa
840000000-840080000 rw-p 00000000 00:00 0 
840080000-880000000 ---p 00000000 00:00 0 
55bc5d0f7000-55bc5d0f8000 r--p 00000000 08:12 23597212                   /usr/lib/jvm/java-11-openjdk-amd64/bin/java
55bc5d0f8000-55bc5d0f9000 r-xp 00001000 08:12 23597212                   /usr/lib/jvm/java-11-openjdk-amd64/bin/java
55bc5d0f9000-55bc5d0fa000 r--p 00002000 08:12 23597212                   /usr/lib/jvm/java-11-openjdk-amd64/bin/java
55bc5d0fa000-55bc5d0fb000 r--p 00002000 08:12 23597212                   /usr/lib/jvm/java-11-openjdk-amd64/bin/java
55bc5d0fb000-55bc5d0fc000 rw-p 00003000 08:12 23597212                   /usr/lib/jvm/java-11-openjdk-amd64/bin/java
55bc5e185000-55bc5e1a6000 rw-p 00000000 00:00 0                          [heap]
7f6ae0000000-7f6ae0021000 rw-p 00000000 00:00 0 
7f6ae0021000-7f6ae4000000 ---p 00000000 00:00 0 
7f6ae8000000-7f6ae8021000 rw-p 00000000 00:00 0 
7f6ae8021000-7f6aec000000 ---p 00000000 00:00 0 
7f6aec000000-7f6aec021000 rw-p 00000000 00:00 0 
7f6aec021000-7f6af0000000 ---p 00000000 00:00 0 
7f6af0000000-7f6af0087000 rw-p 00000000 00:00 0 
7f6af0087000-7f6af4000000 ---p 00000000 00:00 0 
7f6af4000000-7f6af4055000 rw-p 00000000 00:00 0 
7f6af4055000-7f6af8000000 ---p 00000000 00:00 0 
7f6af8000000-7f6af8021000 rw-p 00000000 00:00 0 
7f6af8021000-7f6afc000000 ---p 00000000 00:00 0 
7f6afc000000-7f6afc021000 rw-p 00000000 00:00 0 
7f6afc021000-7f6b00000000 ---p 00000000 00:00 0 
7f6b00000000-7f6b00021000 rw-p 00000000 00:00 0 
7f6b00021000-7f6b04000000 ---p 00000000 00:00 0 
7f6b04000000-7f6b04021000 rw-p 00000000 00:00 0 
7f6b04021000-7f6b08000000 ---p 00000000 00:00 0 
7f6b08000000-7f6b08021000 rw-p 00000000 00:00 0 
7f6b08021000-7f6b0c000000 ---p 00000000 00:00 0 
7f6b0c000000-7f6b0c021000 rw-p 00000000 00:00 0 
7f6b0c021000-7f6b10000000 ---p 00000000 00:00 0 
7f6b10000000-7f6b10021000 rw-p 00000000 00:00 0 
7f6b10021000-7f6b14000000 ---p 00000000 00:00 0 
7f6b14000000-7f6b14021000 rw-p 00000000 00:00 0 
7f6b14021000-7f6b18000000 ---p 00000000 00:00 0 
7f6b18ae8000-7f6b18aec000 ---p 00000000 00:00 0 
7f6b18aec000-7f6b18be9000 rw-p 00000000 00:00 0 
7f6b18be9000-7f6b18bea000 ---p 00000000 00:00 0 
7f6b18bea000-7f6b18ceb000 rw-p 00000000 00:00 0 
7f6b18ceb000-7f6b18cef000 ---p 00000000 00:00 0 
7f6b18cef000-7f6b18dec000 rw-p 00000000 00:00 0 
7f6b18dec000-7f6b18df0000 ---p 00000000 00:00 0 
7f6b18df0000-7f6b18eed000 rw-p 00000000 00:00 0 
7f6b18eed000-7f6b18ef1000 ---p 00000000 00:00 0 
7f6b18ef1000-7f6b18fee000 rw-p 00000000 00:00 0 
7f6b18fee000-7f6b18ff2000 ---p 00000000 00:00 0 
7f6b18ff2000-7f6b190ef000 rw-p 00000000 00:00 0 
7f6b190ef000-7f6b190f3000 ---p 00000000 00:00 0 
7f6b190f3000-7f6b191f0000 rw-p 00000000 00:00 0 
7f6b191f0000-7f6b19800000 r--p 00000000 08:12 21369478                   /usr/lib/locale/locale-archive
7f6b19800000-7f6b19c40000 rw-p 00000000 00:00 0 
7f6b19c40000-7f6b1a000000 ---p 00000000 00:00 0 
7f6b1a000000-7f6b1c000000 rw-p 00000000 00:00 0 
7f6b1c000000-7f6b1c021000 rw-p 00000000 00:00 0 
7f6b1c021000-7f6b20000000 ---p 00000000 00:00 0 
7f6b200bb000-7f6b200bf000 ---p 00000000 00:00 0 
7f6b200bf000-7f6b201bc000 rw-p 00000000 00:00 0 
7f6b201bc000-7f6b201c0000 ---p 00000000 00:00 0 
7f6b201c0000-7f6b202bd000 rw-p 00000000 00:00 0 
7f6b202bd000-7f6b202be000 ---p 00000000 00:00 0 
7f6b202be000-7f6b20440000 rw-p 00000000 00:00 0 
7f6b20440000-7f6b20441000 ---p 00000000 00:00 0 
7f6b20441000-7f6b20542000 rw-p 00000000 00:00 0 
7f6b20542000-7f6b20543000 ---p 00000000 00:00 0 
7f6b20543000-7f6b20c25000 rw-p 00000000 00:00 0 
7f6b20c25000-7f6b24505000 ---p 00000000 00:00 0 
7f6b24505000-7f6b2450d000 rw-p 00000000 00:00 0 
7f6b2450d000-7f6b2550d000 ---p 00000000 00:00 0 
7f6b2550d000-7f6b259ed000 rw-p 00000000 00:00 0 
7f6b259ed000-7f6b292cd000 ---p 00000000 00:00 0 
7f6b292cd000-7f6b292d5000 rw-p 00000000 00:00 0 
7f6b292d5000-7f6b2a2d5000 ---p 00000000 00:00 0 
7f6b2a2d5000-7f6b2a371000 rw-p 00000000 00:00 0 
7f6b2a371000-7f6b2aa8d000 ---p 00000000 00:00 0 
7f6b2aa8d000-7f6b2aa8e000 rw-p 00000000 00:00 0 
7f6b2aa8e000-7f6b2ac8e000 ---p 00000000 00:00 0 
7f6b2ac8e000-7f6b2ad2a000 rw-p 00000000 00:00 0 
7f6b2ad2a000-7f6b2b446000 ---p 00000000 00:00 0 
7f6b2b446000-7f6b2b447000 rw-p 00000000 00:00 0 
7f6b2b447000-7f6b2b647000 ---p 00000000 00:00 0 
7f6b2b647000-7f6b2b6e3000 rw-p 00000000 00:00 0 
7f6b2b6e3000-7f6b2bdff000 ---p 00000000 00:00 0 
7f6b2bdff000-7f6b2be00000 rw-p 00000000 00:00 0 
7f6b2be00000-7f6b2c000000 ---p 00000000 00:00 0 
7f6b2c000000-7f6b2c021000 rw-p 00000000 00:00 0 
7f6b2c021000-7f6b30000000 ---p 00000000 00:00 0 
7f6b30004000-7f6b303cc000 rw-p 00000000 00:00 0 
7f6b303cc000-7f6b303cd000 ---p 00000000 00:00 0 
7f6b303cd000-7f6b304ce000 rw-p 00000000 00:00 0 
7f6b304ce000-7f6b304cf000 ---p 00000000 00:00 0 
7f6b304cf000-7f6b30878000 rw-p 00000000 00:00 0 
7f6b30878000-7f6b30ae8000 rwxp 00000000 00:00 0 
7f6b30ae8000-7f6b30e08000 ---p 00000000 00:00 0 
7f6b30e08000-7f6b31078000 rwxp 00000000 00:00 0 
7f6b31078000-7f6b38340000 ---p 00000000 00:00 0 
7f6b38340000-7f6b385b0000 rwxp 00000000 00:00 0 
7f6b385b0000-7f6b3f878000 ---p 00000000 00:00 0 
7f6b3f878000-7f6b48000000 r--s 00000000 08:12 23724268                   /usr/lib/jvm/java-11-openjdk-amd64/lib/modules
7f6b48000000-7f6b4825e000 rw-p 00000000 00:00 0 
7f6b4825e000-7f6b4c000000 ---p 00000000 00:00 0 
7f6b4c007000-7f6b4c230000 rw-p 00000000 00:00 0 
7f6b4c230000-7f6b4c231000 ---p 00000000 00:00 0 
7f6b4c231000-7f6b4c337000 rw-p 00000000 00:00 0 
7f6b4c337000-7f6b4c41d000 ---p 00000000 00:00 0 
7f6b4c41d000-7f6b4c422000 rw-p 00000000 00:00 0 
7f6b4c422000-7f6b4c508000 ---p 00000000 00:00 0 
7f6b4c508000-7f6b4c50d000 rw-p 00000000 00:00 0 
7f6b4c50d000-7f6b4c514000 ---p 00000000 00:00 0 
7f6b4c514000-7f6b4c517000 r--p 00000000 08:12 19006456                   /lib/x86_64-linux-gnu/libnss_files-2.31.so
7f6b4c517000-7f6b4c51e000 r-xp 00003000 08:12 19006456                   /lib/x86_64-linux-gnu/libnss_files-2.31.so
7f6b4c51e000-7f6b4c520000 r--p 0000a000 08:12 19006456                   /lib/x86_64-linux-gnu/libnss_files-2.31.so
7f6b4c520000-7f6b4c521000 r--p 0000b000 08:12 19006456                   /lib/x86_64-linux-gnu/libnss_files-2.31.so
7f6b4c521000-7f6b4c522000 rw-p 0000c000 08:12 19006456                   /lib/x86_64-linux-gnu/libnss_files-2.31.so
7f6b4c522000-7f6b4c528000 rw-p 00000000 00:00 0 
7f6b4c528000-7f6b4c52d000 r--p 00000000 08:12 19006453                   /lib/x86_64-linux-gnu/libnsl-2.31.so
7f6b4c52d000-7f6b4c53d000 r-xp 00005000 08:12 19006453                   /lib/x86_64-linux-gnu/libnsl-2.31.so
7f6b4c53d000-7f6b4c541000 r--p 00015000 08:12 19006453                   /lib/x86_64-linux-gnu/libnsl-2.31.so
7f6b4c541000-7f6b4c542000 r--p 00018000 08:12 19006453                   /lib/x86_64-linux-gnu/libnsl-2.31.so
7f6b4c542000-7f6b4c543000 rw-p 00019000 08:12 19006453                   /lib/x86_64-linux-gnu/libnsl-2.31.so
7f6b4c543000-7f6b4c545000 rw-p 00000000 00:00 0 
7f6b4c545000-7f6b4c548000 r--p 00000000 08:12 19006458                   /lib/x86_64-linux-gnu/libnss_nis-2.31.so
7f6b4c548000-7f6b4c550000 r-xp 00003000 08:12 19006458                   /lib/x86_64-linux-gnu/libnss_nis-2.31.so
7f6b4c550000-7f6b4c552000 r--p 0000b000 08:12 19006458                   /lib/x86_64-linux-gnu/libnss_nis-2.31.so
7f6b4c552000-7f6b4c553000 r--p 0000c000 08:12 19006458                   /lib/x86_64-linux-gnu/libnss_nis-2.31.so
7f6b4c553000-7f6b4c554000 rw-p 0000d000 08:12 19006458                   /lib/x86_64-linux-gnu/libnss_nis-2.31.so
7f6b4c554000-7f6b4c556000 r--p 00000000 08:12 19006454                   /lib/x86_64-linux-gnu/libnss_compat-2.31.so
7f6b4c556000-7f6b4c55d000 r-xp 00002000 08:12 19006454                   /lib/x86_64-linux-gnu/libnss_compat-2.31.so
7f6b4c55d000-7f6b4c55e000 r--p 00009000 08:12 19006454                   /lib/x86_64-linux-gnu/libnss_compat-2.31.so
7f6b4c55e000-7f6b4c55f000 r--p 00009000 08:12 19006454                   /lib/x86_64-linux-gnu/libnss_compat-2.31.so
7f6b4c55f000-7f6b4c560000 rw-p 0000a000 08:12 19006454                   /lib/x86_64-linux-gnu/libnss_compat-2.31.so
7f6b4c568000-7f6b4c56a000 r--p 00000000 08:12 23724267                   /usr/lib/jvm/java-11-openjdk-amd64/lib/libzip.so
7f6b4c56a000-7f6b4c56e000 r-xp 00002000 08:12 23724267                   /usr/lib/jvm/java-11-openjdk-amd64/lib/libzip.so
7f6b4c56e000-7f6b4c570000 r--p 00006000 08:12 23724267                   /usr/lib/jvm/java-11-openjdk-amd64/lib/libzip.so
7f6b4c570000-7f6b4c571000 r--p 00007000 08:12 23724267                   /usr/lib/jvm/java-11-openjdk-amd64/lib/libzip.so
7f6b4c571000-7f6b4c572000 rw-p 00008000 08:12 23724267                   /usr/lib/jvm/java-11-openjdk-amd64/lib/libzip.so
7f6b4c572000-7f6b4c57a000 rw-s 00000000 08:12 28967580                   /tmp/hsperfdata_howeng/211140
7f6b4c57a000-7f6b4c57c000 r--p 00000000 08:12 23724220                   /usr/lib/jvm/java-11-openjdk-amd64/lib/libjimage.so
7f6b4c57c000-7f6b4c57f000 r-xp 00002000 08:12 23724220                   /usr/lib/jvm/java-11-openjdk-amd64/lib/libjimage.so
7f6b4c57f000-7f6b4c580000 r--p 00005000 08:12 23724220                   /usr/lib/jvm/java-11-openjdk-amd64/lib/libjimage.so
7f6b4c580000-7f6b4c581000 ---p 00006000 08:12 23724220                   /usr/lib/jvm/java-11-openjdk-amd64/lib/libjimage.so
7f6b4c581000-7f6b4c582000 r--p 00006000 08:12 23724220                   /usr/lib/jvm/java-11-openjdk-amd64/lib/libjimage.so
7f6b4c582000-7f6b4c583000 rw-p 00007000 08:12 23724220                   /usr/lib/jvm/java-11-openjdk-amd64/lib/libjimage.so
7f6b4c583000-7f6b4c591000 r--p 00000000 08:12 23724213                   /usr/lib/jvm/java-11-openjdk-amd64/lib/libjava.so
7f6b4c591000-7f6b4c5a7000 r-xp 0000e000 08:12 23724213                   /usr/lib/jvm/java-11-openjdk-amd64/lib/libjava.so
7f6b4c5a7000-7f6b4c5ae000 r--p 00024000 08:12 23724213                   /usr/lib/jvm/java-11-openjdk-amd64/lib/libjava.so
7f6b4c5ae000-7f6b4c5af000 r--p 0002a000 08:12 23724213                   /usr/lib/jvm/java-11-openjdk-amd64/lib/libjava.so
7f6b4c5af000-7f6b4c5b0000 rw-p 0002b000 08:12 23724213                   /usr/lib/jvm/java-11-openjdk-amd64/lib/libjava.so
7f6b4c5b0000-7f6b4c5b1000 rw-p 00000000 00:00 0 
7f6b4c5b1000-7f6b4c5b4000 r--p 00000000 08:12 19006463                   /lib/x86_64-linux-gnu/librt-2.31.so
7f6b4c5b4000-7f6b4c5b8000 r-xp 00003000 08:12 19006463                   /lib/x86_64-linux-gnu/librt-2.31.so
7f6b4c5b8000-7f6b4c5b9000 r--p 00007000 08:12 19006463                   /lib/x86_64-linux-gnu/librt-2.31.so
7f6b4c5b9000-7f6b4c5ba000 ---p 00008000 08:12 19006463                   /lib/x86_64-linux-gnu/librt-2.31.so
7f6b4c5ba000-7f6b4c5bb000 r--p 00008000 08:12 19006463                   /lib/x86_64-linux-gnu/librt-2.31.so
7f6b4c5bb000-7f6b4c5bc000 rw-p 00009000 08:12 19006463                   /lib/x86_64-linux-gnu/librt-2.31.so
7f6b4c5bc000-7f6b4c5c0000 ---p 00000000 00:00 0 
7f6b4c5c0000-7f6b4c6bd000 rw-p 00000000 00:00 0 
7f6b4c6bd000-7f6b4c6c0000 r--p 00000000 08:12 19006737                   /lib/x86_64-linux-gnu/libgcc_s.so.1
7f6b4c6c0000-7f6b4c6d2000 r-xp 00003000 08:12 19006737                   /lib/x86_64-linux-gnu/libgcc_s.so.1
7f6b4c6d2000-7f6b4c6d6000 r--p 00015000 08:12 19006737                   /lib/x86_64-linux-gnu/libgcc_s.so.1
7f6b4c6d6000-7f6b4c6d7000 r--p 00018000 08:12 19006737                   /lib/x86_64-linux-gnu/libgcc_s.so.1
7f6b4c6d7000-7f6b4c6d8000 rw-p 00019000 08:12 19006737                   /lib/x86_64-linux-gnu/libgcc_s.so.1
7f6b4c6d8000-7f6b4c6e7000 r--p 00000000 08:12 19006450                   /lib/x86_64-linux-gnu/libm-2.31.so
7f6b4c6e7000-7f6b4c78e000 r-xp 0000f000 08:12 19006450                   /lib/x86_64-linux-gnu/libm-2.31.so
7f6b4c78e000-7f6b4c825000 r--p 000b6000 08:12 19006450                   /lib/x86_64-linux-gnu/libm-2.31.so
7f6b4c825000-7f6b4c826000 r--p 0014c000 08:12 19006450                   /lib/x86_64-linux-gnu/libm-2.31.so
7f6b4c826000-7f6b4c827000 rw-p 0014d000 08:12 19006450                   /lib/x86_64-linux-gnu/libm-2.31.so
7f6b4c827000-7f6b4c8bd000 r--p 00000000 08:12 21364757                   /usr/lib/x86_64-linux-gnu/libstdc++.so.6.0.28
7f6b4c8bd000-7f6b4c9ad000 r-xp 00096000 08:12 21364757                   /usr/lib/x86_64-linux-gnu/libstdc++.so.6.0.28
7f6b4c9ad000-7f6b4c9f6000 r--p 00186000 08:12 21364757                   /usr/lib/x86_64-linux-gnu/libstdc++.so.6.0.28
7f6b4c9f6000-7f6b4c9f7000 ---p 001cf000 08:12 21364757                   /usr/lib/x86_64-linux-gnu/libstdc++.so.6.0.28
7f6b4c9f7000-7f6b4ca02000 r--p 001cf000 08:12 21364757                   /usr/lib/x86_64-linux-gnu/libstdc++.so.6.0.28
7f6b4ca02000-7f6b4ca05000 rw-p 001da000 08:12 21364757                   /usr/lib/x86_64-linux-gnu/libstdc++.so.6.0.28
7f6b4ca05000-7f6b4ca08000 rw-p 00000000 00:00 0 
7f6b4ca08000-7f6b4cc82000 r--p 00000000 08:12 23724273                   /usr/lib/jvm/java-11-openjdk-amd64/lib/server/libjvm.so
7f6b4cc82000-7f6b4d907000 r-xp 0027a000 08:12 23724273                   /usr/lib/jvm/java-11-openjdk-amd64/lib/server/libjvm.so
7f6b4d907000-7f6b4db5e000 r--p 00eff000 08:12 23724273                   /usr/lib/jvm/java-11-openjdk-amd64/lib/server/libjvm.so
7f6b4db5e000-7f6b4dc1f000 r--p 01155000 08:12 23724273                   /usr/lib/jvm/java-11-openjdk-amd64/lib/server/libjvm.so
7f6b4dc1f000-7f6b4dc5a000 rw-p 01216000 08:12 23724273                   /usr/lib/jvm/java-11-openjdk-amd64/lib/server/libjvm.so
7f6b4dc5a000-7f6b4dcb3000 rw-p 00000000 00:00 0 
7f6b4dcb3000-7f6b4dcba000 r--p 00000000 08:12 19006461                   /lib/x86_64-linux-gnu/libpthread-2.31.so
7f6b4dcba000-7f6b4dccb000 r-xp 00007000 08:12 19006461                   /lib/x86_64-linux-gnu/libpthread-2.31.so
7f6b4dccb000-7f6b4dcd0000 r--p 00018000 08:12 19006461                   /lib/x86_64-linux-gnu/libpthread-2.31.so
7f6b4dcd0000-7f6b4dcd1000 r--p 0001c000 08:12 19006461                   /lib/x86_64-linux-gnu/libpthread-2.31.so
7f6b4dcd1000-7f6b4dcd2000 rw-p 0001d000 08:12 19006461                   /lib/x86_64-linux-gnu/libpthread-2.31.so
7f6b4dcd2000-7f6b4dcd6000 rw-p 00000000 00:00 0 
7f6b4dcd6000-7f6b4dcd7000 r--p 00000000 08:12 19006449                   /lib/x86_64-linux-gnu/libdl-2.31.so
7f6b4dcd7000-7f6b4dcd9000 r-xp 00001000 08:12 19006449                   /lib/x86_64-linux-gnu/libdl-2.31.so
7f6b4dcd9000-7f6b4dcda000 r--p 00003000 08:12 19006449                   /lib/x86_64-linux-gnu/libdl-2.31.so
7f6b4dcda000-7f6b4dcdb000 r--p 00003000 08:12 19006449                   /lib/x86_64-linux-gnu/libdl-2.31.so
7f6b4dcdb000-7f6b4dcdc000 rw-p 00004000 08:12 19006449                   /lib/x86_64-linux-gnu/libdl-2.31.so
7f6b4dcdc000-7f6b4dcde000 r--p 00000000 08:12 19006777                   /lib/x86_64-linux-gnu/libz.so.1.2.11
7f6b4dcde000-7f6b4dcef000 r-xp 00002000 08:12 19006777                   /lib/x86_64-linux-gnu/libz.so.1.2.11
7f6b4dcef000-7f6b4dcf5000 r--p 00013000 08:12 19006777                   /lib/x86_64-linux-gnu/libz.so.1.2.11
7f6b4dcf5000-7f6b4dcf6000 ---p 00019000 08:12 19006777                   /lib/x86_64-linux-gnu/libz.so.1.2.11
7f6b4dcf6000-7f6b4dcf7000 r--p 00019000 08:12 19006777                   /lib/x86_64-linux-gnu/libz.so.1.2.11
7f6b4dcf7000-7f6b4dcf8000 rw-p 0001a000 08:12 19006777                   /lib/x86_64-linux-gnu/libz.so.1.2.11
7f6b4dcf8000-7f6b4dd1d000 r--p 00000000 08:12 19006448                   /lib/x86_64-linux-gnu/libc-2.31.so
7f6b4dd1d000-7f6b4de95000 r-xp 00025000 08:12 19006448                   /lib/x86_64-linux-gnu/libc-2.31.so
7f6b4de95000-7f6b4dedf000 r--p 0019d000 08:12 19006448                   /lib/x86_64-linux-gnu/libc-2.31.so
7f6b4dedf000-7f6b4dee0000 ---p 001e7000 08:12 19006448                   /lib/x86_64-linux-gnu/libc-2.31.so
7f6b4dee0000-7f6b4dee3000 r--p 001e7000 08:12 19006448                   /lib/x86_64-linux-gnu/libc-2.31.so
7f6b4dee3000-7f6b4dee6000 rw-p 001ea000 08:12 19006448                   /lib/x86_64-linux-gnu/libc-2.31.so
7f6b4dee6000-7f6b4deea000 rw-p 00000000 00:00 0 
7f6b4deee000-7f6b4def0000 r--s 0000c000 08:12 21760333                   /usr/share/java/java-atk-wrapper.jar
7f6b4def0000-7f6b4def1000 ---p 00000000 00:00 0 
7f6b4def1000-7f6b4def2000 r--p 00000000 00:00 0 
7f6b4def2000-7f6b4def7000 r--p 00000000 08:12 23724265                   /usr/lib/jvm/java-11-openjdk-amd64/lib/libverify.so
7f6b4def7000-7f6b4defe000 r-xp 00005000 08:12 23724265                   /usr/lib/jvm/java-11-openjdk-amd64/lib/libverify.so
7f6b4defe000-7f6b4df00000 r--p 0000c000 08:12 23724265                   /usr/lib/jvm/java-11-openjdk-amd64/lib/libverify.so
7f6b4df00000-7f6b4df01000 ---p 0000e000 08:12 23724265                   /usr/lib/jvm/java-11-openjdk-amd64/lib/libverify.so
7f6b4df01000-7f6b4df03000 r--p 0000e000 08:12 23724265                   /usr/lib/jvm/java-11-openjdk-amd64/lib/libverify.so
7f6b4df03000-7f6b4df04000 rw-p 00010000 08:12 23724265                   /usr/lib/jvm/java-11-openjdk-amd64/lib/libverify.so
7f6b4df04000-7f6b4df07000 r--p 00000000 08:12 23724198                   /usr/lib/jvm/java-11-openjdk-amd64/lib/jli/libjli.so
7f6b4df07000-7f6b4df11000 r-xp 00003000 08:12 23724198                   /usr/lib/jvm/java-11-openjdk-amd64/lib/jli/libjli.so
7f6b4df11000-7f6b4df14000 r--p 0000d000 08:12 23724198                   /usr/lib/jvm/java-11-openjdk-amd64/lib/jli/libjli.so
7f6b4df14000-7f6b4df15000 ---p 00010000 08:12 23724198                   /usr/lib/jvm/java-11-openjdk-amd64/lib/jli/libjli.so
7f6b4df15000-7f6b4df16000 r--p 00010000 08:12 23724198                   /usr/lib/jvm/java-11-openjdk-amd64/lib/jli/libjli.so
7f6b4df16000-7f6b4df17000 rw-p 00011000 08:12 23724198                   /usr/lib/jvm/java-11-openjdk-amd64/lib/jli/libjli.so
7f6b4df17000-7f6b4df19000 rw-p 00000000 00:00 0 
7f6b4df19000-7f6b4df1a000 r--p 00000000 08:12 19005476                   /lib/x86_64-linux-gnu/ld-2.31.so
7f6b4df1a000-7f6b4df3d000 r-xp 00001000 08:12 19005476                   /lib/x86_64-linux-gnu/ld-2.31.so
7f6b4df3d000-7f6b4df45000 r--p 00024000 08:12 19005476                   /lib/x86_64-linux-gnu/ld-2.31.so
7f6b4df46000-7f6b4df47000 r--p 0002c000 08:12 19005476                   /lib/x86_64-linux-gnu/ld-2.31.so
7f6b4df47000-7f6b4df48000 rw-p 0002d000 08:12 19005476                   /lib/x86_64-linux-gnu/ld-2.31.so
7f6b4df48000-7f6b4df49000 rw-p 00000000 00:00 0 
7ffea6f6b000-7ffea6f8c000 rw-p 00000000 00:00 0                          [stack]
7ffea6fdc000-7ffea6fdf000 r--p 00000000 00:00 0                          [vvar]
7ffea6fdf000-7ffea6fe0000 r-xp 00000000 00:00 0                          [vdso]
ffffffffff600000-ffffffffff601000 --xp 00000000 00:00 0                  [vsyscall]


VM Arguments:
jvm_args: -Xverify:none 
java_command: Main
java_class_path (initial): .
Launcher Type: SUN_STANDARD

[Global flags]
     bool BytecodeVerificationLocal                = false                                     {product} {command line}
     bool BytecodeVerificationRemote               = false                                     {product} {command line}
     intx CICompilerCount                          = 3                                         {product} {ergonomic}
     uint ConcGCThreads                            = 1                                         {product} {ergonomic}
     uint G1ConcRefinementThreads                  = 4                                         {product} {ergonomic}
   size_t G1HeapRegionSize                         = 1048576                                   {product} {ergonomic}
    uintx GCDrainStackTargetSize                   = 64                                        {product} {ergonomic}
   size_t InitialHeapSize                          = 327155712                                 {product} {ergonomic}
   size_t MarkStackSize                            = 4194304                                   {product} {ergonomic}
   size_t MaxHeapSize                              = 5219811328                                {product} {ergonomic}
   size_t MaxNewSize                               = 3131047936                                {product} {ergonomic}
   size_t MinHeapDeltaBytes                        = 1048576                                   {product} {ergonomic}
    uintx NonNMethodCodeHeapSize                   = 5830732                                {pd product} {ergonomic}
    uintx NonProfiledCodeHeapSize                  = 122913754                              {pd product} {ergonomic}
    uintx ProfiledCodeHeapSize                     = 122913754                              {pd product} {ergonomic}
    uintx ReservedCodeCacheSize                    = 251658240                              {pd product} {ergonomic}
     bool SegmentedCodeCache                       = true                                      {product} {ergonomic}
     bool UseCompressedClassPointers               = true                                 {lp64_product} {ergonomic}
     bool UseCompressedOops                        = true                                 {lp64_product} {ergonomic}
     bool UseG1GC                                  = true                                      {product} {ergonomic}

Logging:
Log output configuration:
 #0: stdout all=warning uptime,level,tags
 #1: stderr all=off uptime,level,tags

Environment Variables:
PATH=/usr/local/sbin:/usr/local/bin:/usr/sbin:/usr/bin:/sbin:/bin:/usr/games:/usr/local/games:/snap/bin
USERNAME=howeng
SHELL=/bin/bash
DISPLAY=:0
LANG=en_US.UTF-8

Signal Handlers:
SIGSEGV: [libjvm.so+0xe8ba00], sa_mask[0]=11111111011111111101111111111110, sa_flags=SA_RESTART|SA_SIGINFO
SIGBUS: [libjvm.so+0xe8ba00], sa_mask[0]=11111111011111111101111111111110, sa_flags=SA_RESTART|SA_SIGINFO
SIGFPE: [libjvm.so+0xe8ba00], sa_mask[0]=11111111011111111101111111111110, sa_flags=SA_RESTART|SA_SIGINFO
SIGPIPE: [libjvm.so+0xbd10f0], sa_mask[0]=11111111011111111101111111111110, sa_flags=SA_RESTART|SA_SIGINFO
SIGXFSZ: [libjvm.so+0xbd10f0], sa_mask[0]=11111111011111111101111111111110, sa_flags=SA_RESTART|SA_SIGINFO
SIGILL: [libjvm.so+0xe8ba00], sa_mask[0]=11111111011111111101111111111110, sa_flags=SA_RESTART|SA_SIGINFO
SIGUSR2: [libjvm.so+0xbd0f90], sa_mask[0]=00000000000000000000000000000000, sa_flags=SA_RESTART|SA_SIGINFO
SIGHUP: [libjvm.so+0xbd1430], sa_mask[0]=11111111011111111101111111111110, sa_flags=SA_RESTART|SA_SIGINFO
SIGINT: [libjvm.so+0xbd1430], sa_mask[0]=11111111011111111101111111111110, sa_flags=SA_RESTART|SA_SIGINFO
SIGTERM: [libjvm.so+0xbd1430], sa_mask[0]=11111111011111111101111111111110, sa_flags=SA_RESTART|SA_SIGINFO
SIGQUIT: [libjvm.so+0xbd1430], sa_mask[0]=11111111011111111101111111111110, sa_flags=SA_RESTART|SA_SIGINFO


---------------  S Y S T E M  ---------------

OS:DISTRIB_ID=Ubuntu
DISTRIB_RELEASE=20.04
DISTRIB_CODENAME=focal
DISTRIB_DESCRIPTION="Ubuntu 20.04.2 LTS"
uname:Linux 5.4.0-73-generic #82-Ubuntu SMP Wed Apr 14 17:39:42 UTC 2021 x86_64
OS uptime: 5 days 16:10 hours
libc:glibc 2.31 NPTL 2.31 
rlimit (soft/hard): STACK 8192k/infinity , CORE 0k/infinity , NPROC 79399/79399 , NOFILE 1048576/1048576 , AS infinity/infinity , CPU infinity/infinity , DATA infinity/infinity , FSIZE infinity/infinity , MEMLOCK 65536k/65536k
load average:0.82 1.36 1.29

/proc/meminfo:
MemTotal:       20383792 kB
MemFree:         4212276 kB
MemAvailable:   13346996 kB
Buffers:          720800 kB
Cached:          9294160 kB
SwapCached:         1296 kB
Active:         10618300 kB
Inactive:        4198800 kB
Active(anon):    4987620 kB
Inactive(anon):   896576 kB
Active(file):    5630680 kB
Inactive(file):  3302224 kB
Unevictable:      396956 kB
Mlocked:              80 kB
SwapTotal:       2097148 kB
SwapFree:        2032916 kB
Dirty:              2312 kB
Writeback:             0 kB
AnonPages:       5198428 kB
Mapped:          1404004 kB
Shmem:           1081728 kB
KReclaimable:     572820 kB
Slab:             755228 kB
SReclaimable:     572820 kB
SUnreclaim:       182408 kB
KernelStack:       18936 kB
PageTables:        61736 kB
NFS_Unstable:          0 kB
Bounce:                0 kB
WritebackTmp:          0 kB
CommitLimit:    12289044 kB
Committed_AS:   17451792 kB
VmallocTotal:   34359738367 kB
VmallocUsed:       49076 kB
VmallocChunk:          0 kB
Percpu:             4144 kB
HardwareCorrupted:     0 kB
AnonHugePages:         0 kB
ShmemHugePages:        0 kB
ShmemPmdMapped:        0 kB
FileHugePages:         0 kB
FilePmdMapped:         0 kB
CmaTotal:              0 kB
CmaFree:               0 kB
HugePages_Total:       0
HugePages_Free:        0
HugePages_Rsvd:        0
HugePages_Surp:        0
Hugepagesize:       2048 kB
Hugetlb:               0 kB
DirectMap4k:      559772 kB
DirectMap2M:    18196480 kB
DirectMap1G:     2097152 kB

/sys/kernel/mm/transparent_hugepage/enabled:
always [madvise] never
/sys/kernel/mm/transparent_hugepage/defrag (defrag/compaction efforts parameter):
always defer defer+madvise [madvise] never

Process Memory:
Virtual Size: 7887352K (peak: 16643184K)
Resident Set Size: 36476K (peak: 36476K) (anon: 10528K, file: 25948K, shmem: 0K)
Swapped out: 0K
C-Heap outstanding allocations: 3468K

/proc/sys/kernel/threads-max (system-wide limit on the number of threads):
158798
/proc/sys/vm/max_map_count (maximum number of memory map areas a process may have):
65530
/proc/sys/kernel/pid_max (system-wide limit on number of process identifiers):
4194304

container (cgroup) information:
container_type: cgroupv1
cpu_cpuset_cpus: 0-3
cpu_memory_nodes: 0
active_processor_count: 4
cpu_quota: -1
cpu_period: 100000
cpu_shares: -1
memory_limit_in_bytes: -1
memory_and_swap_limit_in_bytes: -2
memory_soft_limit_in_bytes: -1
memory_usage_in_bytes: 14473195520
memory_max_usage_in_bytes: 18683453440

Steal ticks since vm start: 0
Steal ticks percentage since vm start:  0.000

CPU:total 4 (initial active 4) (2 cores per cpu, 2 threads per core) family 6 model 142 stepping 9 microcode 0xde, cmov, cx8, fxsr, mmx, sse, sse2, sse3, ssse3, sse4.1, sse4.2, popcnt, avx, avx2, aes, clmul, erms, 3dnowpref, lzcnt, ht, tsc, tscinvbit, bmi1, bmi2, adx, fma
CPU Model and flags from /proc/cpuinfo:
model name	: Intel(R) Core(TM) i5-7200U CPU @ 2.50GHz
flags		: fpu vme de pse tsc msr pae mce cx8 apic sep mtrr pge mca cmov pat pse36 clflush dts acpi mmx fxsr sse sse2 ss ht tm pbe syscall nx pdpe1gb rdtscp lm constant_tsc art arch_perfmon pebs bts rep_good nopl xtopology nonstop_tsc cpuid aperfmperf pni pclmulqdq dtes64 monitor ds_cpl vmx est tm2 ssse3 sdbg fma cx16 xtpr pdcm pcid sse4_1 sse4_2 x2apic movbe popcnt tsc_deadline_timer aes xsave avx f16c rdrand lahf_lm abm 3dnowprefetch cpuid_fault epb invpcid_single pti ssbd ibrs ibpb stibp tpr_shadow vnmi flexpriority ept vpid ept_ad fsgsbase tsc_adjust bmi1 avx2 smep bmi2 erms invpcid mpx rdseed adx smap clflushopt intel_pt xsaveopt xsavec xgetbv1 xsaves dtherm ida arat pln pts hwp hwp_notify hwp_act_window hwp_epp md_clear flush_l1d
Online cpus:
0-3
Offline cpus:

BIOS frequency limitation:
<Not Available>
Frequency switch latency (ns):
0
Available cpu frequencies:
<Not Available>
Current governor:
powersave
Core performance/turbo boost:
<Not Available>

Memory: 4k page, physical 20383792k(4212024k free), swap 2097148k(2032916k free)

vm_info: OpenJDK 64-Bit Server VM (11.0.11+9-Ubuntu-0ubuntu2.20.04) for linux-amd64 JRE (11.0.11+9-Ubuntu-0ubuntu2.20.04), built on Apr 21 2021 09:15:32 by "unknown" with gcc 9.3.0

END.
